#
# A fatal error has been detected by the Java Runtime Environment:
#
#  SIGSEGV (0xb) at pc=0x00007f643e39b864, pid=6064, tid=6097
#
# JRE version: OpenJDK Runtime Environment (10.0.2+13) (build 10.0.2+13-Ubuntu-1ubuntu0.18.04.4)
# Java VM: OpenJDK 64-Bit Server VM (10.0.2+13-Ubuntu-1ubuntu0.18.04.4, mixed mode, tiered, compressed oops, g1 gc, linux-amd64)
# Problematic frame:
# C  [libJfreeling.so+0x136864]  std::_List_iterator<freeling::word>::operator++(int)+0x30
#
# Core dump will be written. Default location: Core dumps may be processed with "/usr/share/apport/apport %p %s %c %d %P" (or dumping to /home/dertas/NetBeansProjects/staySafe/core.6064)
#
# If you would like to submit a bug report, please visit:
#   http://bugreport.java.com/bugreport/crash.jsp
# The crash happened outside the Java Virtual Machine in native code.
# See problematic frame for where to report the bug.
#

---------------  S U M M A R Y ------------

Command Line: -Dfile.encoding=UTF-8 --module-path=/home/dertas/NetBeansProjects/staySafe/build/classes staysafe.MainWindow

Host: Intel(R) Core(TM) i3-5005U CPU @ 2.00GHz, 4 cores, 3G, Ubuntu 18.04 LTS
Time: Wed Feb 13 19:40:09 2019 EST elapsed time: 70 seconds (0d 0h 1m 10s)

---------------  T H R E A D  ---------------

Current thread (0x00007f64c04b1000):  JavaThread "AWT-EventQueue-0" [_thread_in_native, id=6097, stack(0x00007f643e9fc000,0x00007f643eafd000)]

Stack: [0x00007f643e9fc000,0x00007f643eafd000],  sp=0x00007f643eaf7be0,  free space=1006k
Native frames: (J=compiled Java code, A=aot compiled Java code, j=interpreted, Vv=VM code, C=native code)
C  [libJfreeling.so+0x136864]  std::_List_iterator<freeling::word>::operator++(int)+0x30
C  [libJfreeling.so+0x12671b]  ListRefIterator<freeling::word>::next()+0x35
C  [libJfreeling.so+0xd2227]  Java_edu_upc_Jfreeling_JfreelingJNI_ListWordIterator_1next+0x56
j  edu.upc.Jfreeling.JfreelingJNI.ListWordIterator_next(JLedu/upc/Jfreeling/ListWordIterator;)J+0
j  edu.upc.Jfreeling.ListWordIterator.next()Ledu/upc/Jfreeling/Word;+9
j  staysafe.FreeLing.printResults(Ledu/upc/Jfreeling/ListSentence;Ljava/lang/String;)V+234
j  staysafe.FreeLing.inputText(Ljava/lang/String;)V+109
j  staysafe.MainWindow.buttonActionPerformed(Ljava/awt/event/ActionEvent;)V+7
j  staysafe.MainWindow.access$000(Lstaysafe/MainWindow;Ljava/awt/event/ActionEvent;)V+2
j  staysafe.MainWindow$1.actionPerformed(Ljava/awt/event/ActionEvent;)V+5
j  javax.swing.AbstractButton.fireActionPerformed(Ljava/awt/event/ActionEvent;)V+83 java.desktop@10.0.2
j  javax.swing.AbstractButton$Handler.actionPerformed(Ljava/awt/event/ActionEvent;)V+5 java.desktop@10.0.2
j  javax.swing.DefaultButtonModel.fireActionPerformed(Ljava/awt/event/ActionEvent;)V+34 java.desktop@10.0.2
j  javax.swing.DefaultButtonModel.setPressed(Z)V+117 java.desktop@10.0.2
j  javax.swing.plaf.basic.BasicButtonListener.mouseReleased(Ljava/awt/event/MouseEvent;)V+35 java.desktop@10.0.2
j  java.awt.Component.processMouseEvent(Ljava/awt/event/MouseEvent;)V+64 java.desktop@10.0.2
j  javax.swing.JComponent.processMouseEvent(Ljava/awt/event/MouseEvent;)V+23 java.desktop@10.0.2
J 2309 c1 java.awt.Component.processEvent(Ljava/awt/AWTEvent;)V java.desktop@10.0.2 (220 bytes) @ 0x00007f64a8550bb4 [0x00007f64a85506a0+0x0000000000000514]
J 2163 c1 java.awt.Container.processEvent(Ljava/awt/AWTEvent;)V java.desktop@10.0.2 (22 bytes) @ 0x00007f64a84baf1c [0x00007f64a84bac00+0x000000000000031c]
J 1983 c1 java.awt.Component.dispatchEventImpl(Ljava/awt/AWTEvent;)V java.desktop@10.0.2 (777 bytes) @ 0x00007f64a84571dc [0x00007f64a8453540+0x0000000000003c9c]
J 1766 c1 java.awt.Container.dispatchEventImpl(Ljava/awt/AWTEvent;)V java.desktop@10.0.2 (129 bytes) @ 0x00007f64a83def1c [0x00007f64a83dede0+0x000000000000013c]
J 1765 c1 java.awt.Component.dispatchEvent(Ljava/awt/AWTEvent;)V java.desktop@10.0.2 (6 bytes) @ 0x00007f64a83de9b4 [0x00007f64a83de8c0+0x00000000000000f4]
j  java.awt.LightweightDispatcher.retargetMouseEvent(Ljava/awt/Component;ILjava/awt/event/MouseEvent;)V+349 java.desktop@10.0.2
J 2370 c1 java.awt.LightweightDispatcher.processMouseEvent(Ljava/awt/event/MouseEvent;)Z java.desktop@10.0.2 (265 bytes) @ 0x00007f64a85acd34 [0x00007f64a85abe60+0x0000000000000ed4]
J 2150 c1 java.awt.LightweightDispatcher.dispatchEvent(Ljava/awt/AWTEvent;)Z java.desktop@10.0.2 (73 bytes) @ 0x00007f64a84b10cc [0x00007f64a84b0ca0+0x000000000000042c]
J 1766 c1 java.awt.Container.dispatchEventImpl(Ljava/awt/AWTEvent;)V java.desktop@10.0.2 (129 bytes) @ 0x00007f64a83deebc [0x00007f64a83dede0+0x00000000000000dc]
J 2135 c1 java.awt.Window.dispatchEventImpl(Ljava/awt/AWTEvent;)V java.desktop@10.0.2 (23 bytes) @ 0x00007f64a84afbf4 [0x00007f64a84af620+0x00000000000005d4]
J 2058 c1 java.awt.EventQueue.dispatchEventImpl(Ljava/awt/AWTEvent;Ljava/lang/Object;)V java.desktop@10.0.2 (136 bytes) @ 0x00007f64a847bf5c [0x00007f64a847bac0+0x000000000000049c]
J 1856 c1 java.awt.EventQueue$4.run()Ljava/lang/Void; java.desktop@10.0.2 (60 bytes) @ 0x00007f64a8424d94 [0x00007f64a8424c20+0x0000000000000174]
J 1855 c1 java.awt.EventQueue$4.run()Ljava/lang/Object; java.desktop@10.0.2 (5 bytes) @ 0x00007f64a8424844 [0x00007f64a84247c0+0x0000000000000084]
v  ~StubRoutines::call_stub
V  [libjvm.so+0x83d38f]
V  [libjvm.so+0x88bd40]  JVM_DoPrivileged+0x640
J 1377  java.security.AccessController.doPrivileged(Ljava/security/PrivilegedAction;Ljava/security/AccessControlContext;)Ljava/lang/Object; java.base@10.0.2 (0 bytes) @ 0x00007f64af693118 [0x00007f64af693040+0x00000000000000d8]
J 2129 c1 java.awt.EventQueue$5.run()Ljava/lang/Object; java.desktop@10.0.2 (5 bytes) @ 0x00007f64a84a4ed4 [0x00007f64a84a4b60+0x0000000000000374]
v  ~StubRoutines::call_stub
V  [libjvm.so+0x83d38f]
V  [libjvm.so+0x88bd40]  JVM_DoPrivileged+0x640
J 1377  java.security.AccessController.doPrivileged(Ljava/security/PrivilegedAction;Ljava/security/AccessControlContext;)Ljava/lang/Object; java.base@10.0.2 (0 bytes) @ 0x00007f64af693118 [0x00007f64af693040+0x00000000000000d8]
J 1859 c1 java.awt.EventQueue.dispatchEvent(Ljava/awt/AWTEvent;)V java.desktop@10.0.2 (80 bytes) @ 0x00007f64a8425f54 [0x00007f64a84254a0+0x0000000000000ab4]
J 1625 c1 java.awt.EventDispatchThread.pumpOneEventForFilters(I)V java.desktop@10.0.2 (113 bytes) @ 0x00007f64a839d47c [0x00007f64a839cda0+0x00000000000006dc]
j  java.awt.EventDispatchThread.pumpEventsForFilter(ILjava/awt/Conditional;Ljava/awt/EventFilter;)V+35 java.desktop@10.0.2
j  java.awt.EventDispatchThread.pumpEventsForHierarchy(ILjava/awt/Conditional;Ljava/awt/Component;)V+11 java.desktop@10.0.2
j  java.awt.EventDispatchThread.pumpEvents(ILjava/awt/Conditional;)V+4 java.desktop@10.0.2
j  java.awt.EventDispatchThread.pumpEvents(Ljava/awt/Conditional;)V+3 java.desktop@10.0.2
j  java.awt.EventDispatchThread.run()V+9 java.desktop@10.0.2
v  ~StubRoutines::call_stub
V  [libjvm.so+0x83d38f]
V  [libjvm.so+0x83b8fd]
V  [libjvm.so+0x87dd8c]
V  [libjvm.so+0xcc5673]
V  [libjvm.so+0xb33d40]
C  [libpthread.so.0+0x76db]  start_thread+0xdb

Java frames: (J=compiled Java code, j=interpreted, Vv=VM code)
j  edu.upc.Jfreeling.JfreelingJNI.ListWordIterator_next(JLedu/upc/Jfreeling/ListWordIterator;)J+0
j  edu.upc.Jfreeling.ListWordIterator.next()Ledu/upc/Jfreeling/Word;+9
j  staysafe.FreeLing.printResults(Ledu/upc/Jfreeling/ListSentence;Ljava/lang/String;)V+234
j  staysafe.FreeLing.inputText(Ljava/lang/String;)V+109
j  staysafe.MainWindow.buttonActionPerformed(Ljava/awt/event/ActionEvent;)V+7
j  staysafe.MainWindow.access$000(Lstaysafe/MainWindow;Ljava/awt/event/ActionEvent;)V+2
j  staysafe.MainWindow$1.actionPerformed(Ljava/awt/event/ActionEvent;)V+5
j  javax.swing.AbstractButton.fireActionPerformed(Ljava/awt/event/ActionEvent;)V+83 java.desktop@10.0.2
j  javax.swing.AbstractButton$Handler.actionPerformed(Ljava/awt/event/ActionEvent;)V+5 java.desktop@10.0.2
j  javax.swing.DefaultButtonModel.fireActionPerformed(Ljava/awt/event/ActionEvent;)V+34 java.desktop@10.0.2
j  javax.swing.DefaultButtonModel.setPressed(Z)V+117 java.desktop@10.0.2
j  javax.swing.plaf.basic.BasicButtonListener.mouseReleased(Ljava/awt/event/MouseEvent;)V+35 java.desktop@10.0.2
j  java.awt.Component.processMouseEvent(Ljava/awt/event/MouseEvent;)V+64 java.desktop@10.0.2
j  javax.swing.JComponent.processMouseEvent(Ljava/awt/event/MouseEvent;)V+23 java.desktop@10.0.2
J 2309 c1 java.awt.Component.processEvent(Ljava/awt/AWTEvent;)V java.desktop@10.0.2 (220 bytes) @ 0x00007f64a8550bb4 [0x00007f64a85506a0+0x0000000000000514]
J 2163 c1 java.awt.Container.processEvent(Ljava/awt/AWTEvent;)V java.desktop@10.0.2 (22 bytes) @ 0x00007f64a84baf1c [0x00007f64a84bac00+0x000000000000031c]
J 1983 c1 java.awt.Component.dispatchEventImpl(Ljava/awt/AWTEvent;)V java.desktop@10.0.2 (777 bytes) @ 0x00007f64a84571dc [0x00007f64a8453540+0x0000000000003c9c]
J 1766 c1 java.awt.Container.dispatchEventImpl(Ljava/awt/AWTEvent;)V java.desktop@10.0.2 (129 bytes) @ 0x00007f64a83def1c [0x00007f64a83dede0+0x000000000000013c]
J 1765 c1 java.awt.Component.dispatchEvent(Ljava/awt/AWTEvent;)V java.desktop@10.0.2 (6 bytes) @ 0x00007f64a83de9b4 [0x00007f64a83de8c0+0x00000000000000f4]
j  java.awt.LightweightDispatcher.retargetMouseEvent(Ljava/awt/Component;ILjava/awt/event/MouseEvent;)V+349 java.desktop@10.0.2
J 2370 c1 java.awt.LightweightDispatcher.processMouseEvent(Ljava/awt/event/MouseEvent;)Z java.desktop@10.0.2 (265 bytes) @ 0x00007f64a85acd34 [0x00007f64a85abe60+0x0000000000000ed4]
J 2150 c1 java.awt.LightweightDispatcher.dispatchEvent(Ljava/awt/AWTEvent;)Z java.desktop@10.0.2 (73 bytes) @ 0x00007f64a84b10cc [0x00007f64a84b0ca0+0x000000000000042c]
J 1766 c1 java.awt.Container.dispatchEventImpl(Ljava/awt/AWTEvent;)V java.desktop@10.0.2 (129 bytes) @ 0x00007f64a83deebc [0x00007f64a83dede0+0x00000000000000dc]
J 2135 c1 java.awt.Window.dispatchEventImpl(Ljava/awt/AWTEvent;)V java.desktop@10.0.2 (23 bytes) @ 0x00007f64a84afbf4 [0x00007f64a84af620+0x00000000000005d4]
J 2058 c1 java.awt.EventQueue.dispatchEventImpl(Ljava/awt/AWTEvent;Ljava/lang/Object;)V java.desktop@10.0.2 (136 bytes) @ 0x00007f64a847bf5c [0x00007f64a847bac0+0x000000000000049c]
J 1856 c1 java.awt.EventQueue$4.run()Ljava/lang/Void; java.desktop@10.0.2 (60 bytes) @ 0x00007f64a8424d94 [0x00007f64a8424c20+0x0000000000000174]
J 1855 c1 java.awt.EventQueue$4.run()Ljava/lang/Object; java.desktop@10.0.2 (5 bytes) @ 0x00007f64a8424844 [0x00007f64a84247c0+0x0000000000000084]
v  ~StubRoutines::call_stub
J 1377  java.security.AccessController.doPrivileged(Ljava/security/PrivilegedAction;Ljava/security/AccessControlContext;)Ljava/lang/Object; java.base@10.0.2 (0 bytes) @ 0x00007f64af6930a3 [0x00007f64af693040+0x0000000000000063]
J 2129 c1 java.awt.EventQueue$5.run()Ljava/lang/Object; java.desktop@10.0.2 (5 bytes) @ 0x00007f64a84a4ed4 [0x00007f64a84a4b60+0x0000000000000374]
v  ~StubRoutines::call_stub
J 1377  java.security.AccessController.doPrivileged(Ljava/security/PrivilegedAction;Ljava/security/AccessControlContext;)Ljava/lang/Object; java.base@10.0.2 (0 bytes) @ 0x00007f64af6930a3 [0x00007f64af693040+0x0000000000000063]
J 1859 c1 java.awt.EventQueue.dispatchEvent(Ljava/awt/AWTEvent;)V java.desktop@10.0.2 (80 bytes) @ 0x00007f64a8425f54 [0x00007f64a84254a0+0x0000000000000ab4]
J 1625 c1 java.awt.EventDispatchThread.pumpOneEventForFilters(I)V java.desktop@10.0.2 (113 bytes) @ 0x00007f64a839d47c [0x00007f64a839cda0+0x00000000000006dc]
j  java.awt.EventDispatchThread.pumpEventsForFilter(ILjava/awt/Conditional;Ljava/awt/EventFilter;)V+35 java.desktop@10.0.2
j  java.awt.EventDispatchThread.pumpEventsForHierarchy(ILjava/awt/Conditional;Ljava/awt/Component;)V+11 java.desktop@10.0.2
j  java.awt.EventDispatchThread.pumpEvents(ILjava/awt/Conditional;)V+4 java.desktop@10.0.2
j  java.awt.EventDispatchThread.pumpEvents(Ljava/awt/Conditional;)V+3 java.desktop@10.0.2
j  java.awt.EventDispatchThread.run()V+9 java.desktop@10.0.2
v  ~StubRoutines::call_stub

siginfo: si_signo: 11 (SIGSEGV), si_code: 1 (SEGV_MAPERR), si_addr: 0x0000000000000002

Register to memory mapping:

RAX=0x0000000000000002 is an unknown value
RBX={method} {0x00007f643e6c2448} 'ListWordIterator_next' '(JLedu/upc/Jfreeling/ListWordIterator;)J' in 'edu/upc/Jfreeling/JfreelingJNI'
RCX=0x00007f643eaf7d10 is pointing into the stack for thread: 0x00007f64c04b1000
RDX=0x00007f641a8b1b30 is an unknown value
RSP=0x00007f643eaf7be0 is pointing into the stack for thread: 0x00007f64c04b1000
RBP=0x00007f643eaf7c00 is pointing into the stack for thread: 0x00007f64c04b1000
RSI=0x0000000000000000 is an unknown value
RDI=0x00007f641a8b1b38 is an unknown value
R8 =0x0000000000000000 is an unknown value
R9 =0x00000000c3c26378 is an oop
java.io.FileDescriptor 
{0x00000000c3c26378} - klass: 'java/io/FileDescriptor'
R10=0x00007f64a7b34821 is at code_begin+897 in an Interpreter codelet
method entry point (kind = native)  [0x00007f64a7b344a0, 0x00007f64a7b34ee0]  2624 bytes
R11=0x00000000c7360990 is an oop
java.lang.Class 
{0x00000000c7360990} - klass: 'java/lang/Class'
R12=0x0000000000000000 is an unknown value
R13={method} {0x00007f643e6c2448} 'ListWordIterator_next' '(JLedu/upc/Jfreeling/ListWordIterator;)J' in 'edu/upc/Jfreeling/JfreelingJNI'
R14=0x00007f643eaf7d20 is pointing into the stack for thread: 0x00007f64c04b1000
R15=0x00007f64c04b1000 is a thread


Registers:
RAX=0x0000000000000002, RBX=0x00007f643e6c2448, RCX=0x00007f643eaf7d10, RDX=0x00007f641a8b1b30
RSP=0x00007f643eaf7be0, RBP=0x00007f643eaf7c00, RSI=0x0000000000000000, RDI=0x00007f641a8b1b38
R8 =0x0000000000000000, R9 =0x00000000c3c26378, R10=0x00007f64a7b34821, R11=0x00000000c7360990
R12=0x0000000000000000, R13=0x00007f643e6c2448, R14=0x00007f643eaf7d20, R15=0x00007f64c04b1000
RIP=0x00007f643e39b864, EFLAGS=0x0000000000010246, CSGSFS=0x002b000000000033, ERR=0x0000000000000004
  TRAPNO=0x000000000000000e

Top of Stack: (sp=0x00007f643eaf7be0)
0x00007f643eaf7be0:   000000003eaf7c00 00007f641a8b1b38
0x00007f643eaf7bf0:   0000000000000002 ba5b5ac06c87e800
0x00007f643eaf7c00:   00007f643eaf7c30 00007f643e38b71b
0x00007f643eaf7c10:   00007f643eaf7c40 00007f641a8b1b30 

Instructions: (pc=0x00007f643e39b864)
0x00007f643e39b844:   48 8b 04 25 28 00 00 00 48 89 45 f8 31 c0 48 8b
0x00007f643e39b854:   45 e8 48 8b 00 48 89 45 f0 48 8b 45 e8 48 8b 00
0x00007f643e39b864:   48 8b 10 48 8b 45 e8 48 89 10 48 8b 45 f0 48 8b
0x00007f643e39b874:   4d f8 64 48 33 0c 25 28 00 00 00 74 05 e8 ba a5 


---------------  P R O C E S S  ---------------

Threads class SMR info:
_java_thread_list=0x00007f641a9832f0, length=15, elements={
0x00007f64c00ea000, 0x00007f64c00ec000, 0x00007f64c00fe800, 0x00007f64c0100800,
0x00007f64c0102800, 0x00007f64c0104800, 0x00007f64c0106800, 0x00007f64c01b9800,
0x00007f64c0208800, 0x00007f64c0386800, 0x00007f64c0388800, 0x00007f64c04a3000,
0x00007f64c04b1000, 0x00007f64c0012000, 0x00007f641985a800
}

Java Threads: ( => current thread )
  0x00007f64c00ea000 JavaThread "Reference Handler" daemon [_thread_blocked, id=6081, stack(0x00007f64a47e0000,0x00007f64a48e1000)]
  0x00007f64c00ec000 JavaThread "Finalizer" daemon [_thread_blocked, id=6082, stack(0x00007f64a46df000,0x00007f64a47e0000)]
  0x00007f64c00fe800 JavaThread "Signal Dispatcher" daemon [_thread_blocked, id=6083, stack(0x00007f64a45de000,0x00007f64a46df000)]
  0x00007f64c0100800 JavaThread "C2 CompilerThread0" daemon [_thread_blocked, id=6084, stack(0x00007f64a44dd000,0x00007f64a45de000)]
  0x00007f64c0102800 JavaThread "C2 CompilerThread1" daemon [_thread_blocked, id=6085, stack(0x00007f64a43dc000,0x00007f64a44dd000)]
  0x00007f64c0104800 JavaThread "C1 CompilerThread2" daemon [_thread_blocked, id=6086, stack(0x00007f64a42db000,0x00007f64a43dc000)]
  0x00007f64c0106800 JavaThread "Sweeper thread" daemon [_thread_blocked, id=6087, stack(0x00007f64a41da000,0x00007f64a42db000)]
  0x00007f64c01b9800 JavaThread "Common-Cleaner" daemon [_thread_blocked, id=6088, stack(0x00007f64a40d9000,0x00007f64a41da000)]
  0x00007f64c0208800 JavaThread "Service Thread" daemon [_thread_blocked, id=6089, stack(0x00007f648d092000,0x00007f648d193000)]
  0x00007f64c0386800 JavaThread "Java2D Disposer" daemon [_thread_blocked, id=6094, stack(0x00007f648c000000,0x00007f648c101000)]
  0x00007f64c0388800 JavaThread "AWT-XAWT" daemon [_thread_in_native, id=6095, stack(0x00007f644808f000,0x00007f6448190000)]
  0x00007f64c04a3000 JavaThread "AWT-Shutdown" [_thread_blocked, id=6096, stack(0x00007f643eafd000,0x00007f643ebfe000)]
=>0x00007f64c04b1000 JavaThread "AWT-EventQueue-0" [_thread_in_native, id=6097, stack(0x00007f643e9fc000,0x00007f643eafd000)]
  0x00007f64c0012000 JavaThread "DestroyJavaVM" [_thread_blocked, id=6068, stack(0x00007f64c8c56000,0x00007f64c8d57000)]
  0x00007f641985a800 JavaThread "TimerQueue" daemon [_thread_blocked, id=6099, stack(0x00007f64248dd000,0x00007f64249de000)]

Other Threads:
  0x00007f64c00e0800 VMThread "VM Thread" [stack: 0x00007f64a48e3000,0x00007f64a49e3000] [id=6080]
  0x00007f64c020b000 WatcherThread [stack: 0x00007f648cf92000,0x00007f648d092000] [id=6090]
  0x00007f64c0028800 GCTaskThread "GC Thread#0" [stack: 0x00007f64c4d7d000,0x00007f64c4e7d000] [id=6069]
  0x00007f64c002a000 GCTaskThread "GC Thread#1" [stack: 0x00007f64c4c7b000,0x00007f64c4d7b000] [id=6070]
  0x00007f64c002b800 GCTaskThread "GC Thread#2" [stack: 0x00007f64c4b79000,0x00007f64c4c79000] [id=6071]
  0x00007f64c002d000 GCTaskThread "GC Thread#3" [stack: 0x00007f64c4a77000,0x00007f64c4b77000] [id=6072]
  0x00007f64c0044000 ConcurrentGCThread "G1 Main Marker" [stack: 0x00007f64a5bf5000,0x00007f64a5cf5000] [id=6073]
  0x00007f64c0046000 ConcurrentGCThread "G1 Conc#0" [stack: 0x00007f64a5af3000,0x00007f64a5bf3000] [id=6074]
  0x00007f64c0079800 ConcurrentGCThread "G1 Refine#0" [stack: 0x00007f64a55ed000,0x00007f64a56ed000] [id=6075]
  0x00007f64c007b000 ConcurrentGCThread "G1 Refine#1" [stack: 0x00007f64a54eb000,0x00007f64a55eb000] [id=6076]
  0x00007f64c007d000 ConcurrentGCThread "G1 Refine#2" [stack: 0x00007f64a53e9000,0x00007f64a54e9000] [id=6077]
  0x00007f64c007e800 ConcurrentGCThread "G1 Refine#3" [stack: 0x00007f64a52e7000,0x00007f64a53e7000] [id=6078]
  0x00007f64c0080800 ConcurrentGCThread "G1 Young RemSet Sampling" [stack: 0x00007f64a51e5000,0x00007f64a52e5000] [id=6079]

Threads with active compile tasks:

VM state:not at safepoint (normal execution)

VM Mutex/Monitor currently owned by a thread: None

Heap address: 0x00000000c3a00000, size: 966 MB, Compressed Oops mode: 32-bit
Narrow klass base: 0x0000000000000000, Narrow klass shift: 3
Compressed class space size: 1073741824 Address: 0x0000000100000000

Heap:
 garbage-first heap   total 63488K, used 9254K [0x00000000c3a00000, 0x0000000100000000)
  region size 1024K, 8 young (8192K), 2 survivors (2048K)
 Metaspace       used 21434K, capacity 22027K, committed 22320K, reserved 1069056K
  class space    used 2127K, capacity 2395K, committed 2432K, reserved 1048576K
Heap Regions: E=young(eden), S=young(survivor), O=old, HS=humongous(starts), HC=humongous(continues), CS=collection set, F=free, A=archive, TS=gc time stamp, AC=allocation context, TAMS=top-at-mark-start (previous, next)
|   0|0x00000000c3a00000, 0x00000000c3b00000, 0x00000000c3b00000|100%| O|  |TS  0|AC  0|TAMS 0x00000000c3b00000, 0x00000000c3b00000|
|   1|0x00000000c3b00000, 0x00000000c3c00000, 0x00000000c3c00000|100%| O|  |TS  0|AC  0|TAMS 0x00000000c3c00000, 0x00000000c3c00000|
|   2|0x00000000c3c00000, 0x00000000c3cd9a00, 0x00000000c3d00000| 85%| O|  |TS  0|AC  0|TAMS 0x00000000c3cd9a00, 0x00000000c3cd9a00|
|   3|0x00000000c3d00000, 0x00000000c3d00000, 0x00000000c3e00000|  0%| F|  |TS  0|AC  0|TAMS 0x00000000c3d00000, 0x00000000c3d00000|
|   4|0x00000000c3e00000, 0x00000000c3e00000, 0x00000000c3f00000|  0%| F|  |TS  0|AC  0|TAMS 0x00000000c3e00000, 0x00000000c3e00000|
|   5|0x00000000c3f00000, 0x00000000c3f00000, 0x00000000c4000000|  0%| F|  |TS  0|AC  0|TAMS 0x00000000c3f00000, 0x00000000c3f00000|
|   6|0x00000000c4000000, 0x00000000c4000000, 0x00000000c4100000|  0%| F|  |TS  0|AC  0|TAMS 0x00000000c4000000, 0x00000000c4000000|
|   7|0x00000000c4100000, 0x00000000c4100000, 0x00000000c4200000|  0%| F|  |TS  0|AC  0|TAMS 0x00000000c4100000, 0x00000000c4100000|
|   8|0x00000000c4200000, 0x00000000c4200000, 0x00000000c4300000|  0%| F|  |TS  0|AC  0|TAMS 0x00000000c4200000, 0x00000000c4200000|
|   9|0x00000000c4300000, 0x00000000c4300000, 0x00000000c4400000|  0%| F|  |TS  0|AC  0|TAMS 0x00000000c4300000, 0x00000000c4300000|
|  10|0x00000000c4400000, 0x00000000c4400000, 0x00000000c4500000|  0%| F|  |TS  0|AC  0|TAMS 0x00000000c4400000, 0x00000000c4400000|
|  11|0x00000000c4500000, 0x00000000c4500000, 0x00000000c4600000|  0%| F|  |TS  0|AC  0|TAMS 0x00000000c4500000, 0x00000000c4500000|
|  12|0x00000000c4600000, 0x00000000c4600000, 0x00000000c4700000|  0%| F|  |TS  0|AC  0|TAMS 0x00000000c4600000, 0x00000000c4600000|
|  13|0x00000000c4700000, 0x00000000c4700000, 0x00000000c4800000|  0%| F|  |TS  0|AC  0|TAMS 0x00000000c4700000, 0x00000000c4700000|
|  14|0x00000000c4800000, 0x00000000c4800000, 0x00000000c4900000|  0%| F|  |TS  0|AC  0|TAMS 0x00000000c4800000, 0x00000000c4800000|
|  15|0x00000000c4900000, 0x00000000c4900000, 0x00000000c4a00000|  0%| F|  |TS  0|AC  0|TAMS 0x00000000c4900000, 0x00000000c4900000|
|  16|0x00000000c4a00000, 0x00000000c4a00000, 0x00000000c4b00000|  0%| F|  |TS  0|AC  0|TAMS 0x00000000c4a00000, 0x00000000c4a00000|
|  17|0x00000000c4b00000, 0x00000000c4b00000, 0x00000000c4c00000|  0%| F|  |TS  0|AC  0|TAMS 0x00000000c4b00000, 0x00000000c4b00000|
|  18|0x00000000c4c00000, 0x00000000c4c00000, 0x00000000c4d00000|  0%| F|  |TS  0|AC  0|TAMS 0x00000000c4c00000, 0x00000000c4c00000|
|  19|0x00000000c4d00000, 0x00000000c4d00000, 0x00000000c4e00000|  0%| F|  |TS  0|AC  0|TAMS 0x00000000c4d00000, 0x00000000c4d00000|
|  20|0x00000000c4e00000, 0x00000000c4e00000, 0x00000000c4f00000|  0%| F|  |TS  0|AC  0|TAMS 0x00000000c4e00000, 0x00000000c4e00000|
|  21|0x00000000c4f00000, 0x00000000c4f00000, 0x00000000c5000000|  0%| F|  |TS  0|AC  0|TAMS 0x00000000c4f00000, 0x00000000c4f00000|
|  22|0x00000000c5000000, 0x00000000c5000000, 0x00000000c5100000|  0%| F|  |TS  0|AC  0|TAMS 0x00000000c5000000, 0x00000000c5000000|
|  23|0x00000000c5100000, 0x00000000c5100000, 0x00000000c5200000|  0%| F|  |TS  0|AC  0|TAMS 0x00000000c5100000, 0x00000000c5100000|
|  24|0x00000000c5200000, 0x00000000c5200000, 0x00000000c5300000|  0%| F|  |TS  0|AC  0|TAMS 0x00000000c5200000, 0x00000000c5200000|
|  25|0x00000000c5300000, 0x00000000c5300000, 0x00000000c5400000|  0%| F|  |TS  0|AC  0|TAMS 0x00000000c5300000, 0x00000000c5300000|
|  26|0x00000000c5400000, 0x00000000c5400000, 0x00000000c5500000|  0%| F|  |TS  0|AC  0|TAMS 0x00000000c5400000, 0x00000000c5400000|
|  27|0x00000000c5500000, 0x00000000c5500000, 0x00000000c5600000|  0%| F|  |TS  0|AC  0|TAMS 0x00000000c5500000, 0x00000000c5500000|
|  28|0x00000000c5600000, 0x00000000c5600000, 0x00000000c5700000|  0%| F|  |TS  0|AC  0|TAMS 0x00000000c5600000, 0x00000000c5600000|
|  29|0x00000000c5700000, 0x00000000c5700000, 0x00000000c5800000|  0%| F|  |TS  0|AC  0|TAMS 0x00000000c5700000, 0x00000000c5700000|
|  30|0x00000000c5800000, 0x00000000c5800000, 0x00000000c5900000|  0%| F|  |TS  0|AC  0|TAMS 0x00000000c5800000, 0x00000000c5800000|
|  31|0x00000000c5900000, 0x00000000c5900000, 0x00000000c5a00000|  0%| F|  |TS  0|AC  0|TAMS 0x00000000c5900000, 0x00000000c5900000|
|  32|0x00000000c5a00000, 0x00000000c5a00000, 0x00000000c5b00000|  0%| F|  |TS  0|AC  0|TAMS 0x00000000c5a00000, 0x00000000c5a00000|
|  33|0x00000000c5b00000, 0x00000000c5b00000, 0x00000000c5c00000|  0%| F|  |TS  0|AC  0|TAMS 0x00000000c5b00000, 0x00000000c5b00000|
|  34|0x00000000c5c00000, 0x00000000c5c00000, 0x00000000c5d00000|  0%| F|  |TS  0|AC  0|TAMS 0x00000000c5c00000, 0x00000000c5c00000|
|  35|0x00000000c5d00000, 0x00000000c5d00000, 0x00000000c5e00000|  0%| F|  |TS  0|AC  0|TAMS 0x00000000c5d00000, 0x00000000c5d00000|
|  36|0x00000000c5e00000, 0x00000000c5e00000, 0x00000000c5f00000|  0%| F|  |TS  0|AC  0|TAMS 0x00000000c5e00000, 0x00000000c5e00000|
|  37|0x00000000c5f00000, 0x00000000c5f00000, 0x00000000c6000000|  0%| F|  |TS  0|AC  0|TAMS 0x00000000c5f00000, 0x00000000c5f00000|
|  38|0x00000000c6000000, 0x00000000c6000000, 0x00000000c6100000|  0%| F|  |TS  0|AC  0|TAMS 0x00000000c6000000, 0x00000000c6000000|
|  39|0x00000000c6100000, 0x00000000c6100000, 0x00000000c6200000|  0%| F|  |TS  0|AC  0|TAMS 0x00000000c6100000, 0x00000000c6100000|
|  40|0x00000000c6200000, 0x00000000c6200000, 0x00000000c6300000|  0%| F|  |TS  0|AC  0|TAMS 0x00000000c6200000, 0x00000000c6200000|
|  41|0x00000000c6300000, 0x00000000c6300000, 0x00000000c6400000|  0%| F|  |TS  0|AC  0|TAMS 0x00000000c6300000, 0x00000000c6300000|
|  42|0x00000000c6400000, 0x00000000c6400000, 0x00000000c6500000|  0%| F|  |TS  0|AC  0|TAMS 0x00000000c6400000, 0x00000000c6400000|
|  43|0x00000000c6500000, 0x00000000c6500000, 0x00000000c6600000|  0%| F|  |TS  0|AC  0|TAMS 0x00000000c6500000, 0x00000000c6500000|
|  44|0x00000000c6600000, 0x00000000c6600000, 0x00000000c6700000|  0%| F|  |TS  0|AC  0|TAMS 0x00000000c6600000, 0x00000000c6600000|
|  45|0x00000000c6700000, 0x00000000c6700000, 0x00000000c6800000|  0%| F|  |TS  0|AC  0|TAMS 0x00000000c6700000, 0x00000000c6700000|
|  46|0x00000000c6800000, 0x00000000c6800000, 0x00000000c6900000|  0%| F|  |TS  0|AC  0|TAMS 0x00000000c6800000, 0x00000000c6800000|
|  47|0x00000000c6900000, 0x00000000c6900000, 0x00000000c6a00000|  0%| F|  |TS  0|AC  0|TAMS 0x00000000c6900000, 0x00000000c6900000|
|  48|0x00000000c6a00000, 0x00000000c6a00000, 0x00000000c6b00000|  0%| F|  |TS  0|AC  0|TAMS 0x00000000c6a00000, 0x00000000c6a00000|
|  49|0x00000000c6b00000, 0x00000000c6b00000, 0x00000000c6c00000|  0%| F|  |TS  0|AC  0|TAMS 0x00000000c6b00000, 0x00000000c6b00000|
|  50|0x00000000c6c00000, 0x00000000c6c00000, 0x00000000c6d00000|  0%| F|  |TS  0|AC  0|TAMS 0x00000000c6c00000, 0x00000000c6c00000|
|  51|0x00000000c6d00000, 0x00000000c6d00000, 0x00000000c6e00000|  0%| F|  |TS  0|AC  0|TAMS 0x00000000c6d00000, 0x00000000c6d00000|
|  52|0x00000000c6e00000, 0x00000000c6e00000, 0x00000000c6f00000|  0%| F|  |TS  0|AC  0|TAMS 0x00000000c6e00000, 0x00000000c6e00000|
|  53|0x00000000c6f00000, 0x00000000c6f00000, 0x00000000c7000000|  0%| F|  |TS  0|AC  0|TAMS 0x00000000c6f00000, 0x00000000c6f00000|
|  54|0x00000000c7000000, 0x00000000c70a6d28, 0x00000000c7100000| 65%| E|  |TS  0|AC  0|TAMS 0x00000000c7000000, 0x00000000c7000000|
|  55|0x00000000c7100000, 0x00000000c7200000, 0x00000000c7200000|100%| E|CS|TS  0|AC  0|TAMS 0x00000000c7100000, 0x00000000c7100000|
|  56|0x00000000c7200000, 0x00000000c7230030, 0x00000000c7300000| 18%| S|CS|TS  0|AC  0|TAMS 0x00000000c7200000, 0x00000000c7200000|
|  57|0x00000000c7300000, 0x00000000c7400000, 0x00000000c7400000|100%| S|CS|TS  0|AC  0|TAMS 0x00000000c7300000, 0x00000000c7300000|
|  58|0x00000000c7400000, 0x00000000c7500000, 0x00000000c7500000|100%| E|CS|TS  0|AC  0|TAMS 0x00000000c7400000, 0x00000000c7400000|
|  59|0x00000000c7500000, 0x00000000c7600000, 0x00000000c7600000|100%| E|CS|TS  0|AC  0|TAMS 0x00000000c7500000, 0x00000000c7500000|
|  60|0x00000000c7600000, 0x00000000c7700000, 0x00000000c7700000|100%| E|CS|TS  0|AC  0|TAMS 0x00000000c7600000, 0x00000000c7600000|
|  61|0x00000000c7700000, 0x00000000c7800000, 0x00000000c7800000|100%| E|CS|TS  0|AC  0|TAMS 0x00000000c7700000, 0x00000000c7700000|

Card table byte_map: [0x00007f64c42ab000,0x00007f64c448e000] byte_map_base: 0x00007f64c3c8e000

Marking Bits (Prev, Next): (CMBitMap*) 0x00007f64c00436b8, (CMBitMap*) 0x00007f64c0043680
 Prev Bits: [0x00007f64a5cf5000, 0x00007f64a6c0d000)
 Next Bits: [0x00007f64a6c0d000, 0x00007f64a7b25000)

Polling page: 0x00007f64c8d6d000

CodeHeap 'non-profiled nmethods': size=120032Kb used=1021Kb max_used=1021Kb free=119011Kb
 bounds [0x00007f64af5ed000, 0x00007f64af85d000, 0x00007f64b6b25000]
CodeHeap 'profiled nmethods': size=120032Kb used=5244Kb max_used=5244Kb free=114787Kb
 bounds [0x00007f64a80b5000, 0x00007f64a85d5000, 0x00007f64af5ed000]
CodeHeap 'non-nmethods': size=5696Kb used=1291Kb max_used=1319Kb free=4404Kb
 bounds [0x00007f64a7b25000, 0x00007f64a7d95000, 0x00007f64a80b5000]
 total_blobs=3594 nmethods=2433 adapters=642
 compilation: enabled

Compilation events (10 events):
Event: 70.055 Thread 0x00007f64c0104800 2429       3       java.util.concurrent.ConcurrentHashMap::sumCount (48 bytes)
Event: 70.055 Thread 0x00007f64c0104800 nmethod 2429 0x00007f64a85d1590 code [0x00007f64a85d1760, 0x00007f64a85d1a10]
Event: 70.058 Thread 0x00007f64c0104800 2430       3       jdk.internal.ref.PhantomCleanable::clean (16 bytes)
Event: 70.059 Thread 0x00007f64c0104800 nmethod 2430 0x00007f64a85d1b10 code [0x00007f64a85d1ce0, 0x00007f64a85d1ff8]
Event: 70.143 Thread 0x00007f64c0102800 nmethod 2414% 0x00007f64af6e4690 code [0x00007f64af6e4900, 0x00007f64af6e8d68]
Event: 70.413 Thread 0x00007f64c0104800 2431       3       jdk.internal.ref.CleanerImpl$PhantomCleanableRef::performCleanup (10 bytes)
Event: 70.413 Thread 0x00007f64c0104800 nmethod 2431 0x00007f64a85d2110 code [0x00007f64a85d22e0, 0x00007f64a85d2508]
Event: 70.415 Thread 0x00007f64c0104800 2432       3       java.lang.invoke.BoundMethodHandle$Species_LL::speciesData (4 bytes)
Event: 70.415 Thread 0x00007f64c0104800 nmethod 2432 0x00007f64a85d2610 code [0x00007f64a85d27c0, 0x00007f64a85d2910]
Event: 70.415 Thread 0x00007f64c0104800 2433       3       java.lang.invoke.MethodType$ConcurrentWeakInternSet::get (54 bytes)

GC Heap History (4 events):
Event: 1.461 GC heap before
{Heap before GC invocations=0 (full 0):
 garbage-first heap   total 63488K, used 14336K [0x00000000c3a00000, 0x0000000100000000)
  region size 1024K, 14 young (14336K), 0 survivors (0K)
 Metaspace       used 15317K, capacity 15802K, committed 16128K, reserved 1062912K
  class space    used 1654K, capacity 1924K, committed 2048K, reserved 1048576K
}
Event: 1.472 GC heap after
{Heap after GC invocations=1 (full 0):
 garbage-first heap   total 63488K, used 2852K [0x00000000c3a00000, 0x0000000100000000)
  region size 1024K, 2 young (2048K), 2 survivors (2048K)
 Metaspace       used 15317K, capacity 15802K, committed 16128K, reserved 1062912K
  class space    used 1654K, capacity 1924K, committed 2048K, reserved 1048576K
}
Event: 48.040 GC heap before
{Heap before GC invocations=1 (full 0):
 garbage-first heap   total 63488K, used 5924K [0x00000000c3a00000, 0x0000000100000000)
  region size 1024K, 6 young (6144K), 2 survivors (2048K)
 Metaspace       used 20501K, capacity 21031K, committed 21296K, reserved 1069056K
  class space    used 2111K, capacity 2363K, committed 2432K, reserved 1048576K
}
Event: 48.053 GC heap after
{Heap after GC invocations=2 (full 0):
 garbage-first heap   total 63488K, used 4134K [0x00000000c3a00000, 0x0000000100000000)
  region size 1024K, 2 young (2048K), 2 survivors (2048K)
 Metaspace       used 20501K, capacity 21031K, committed 21296K, reserved 1069056K
  class space    used 2111K, capacity 2363K, committed 2432K, reserved 1048576K
}

Deoptimization events (10 events):
Event: 48.058 Thread 0x00007f64c04b1000 Uncommon trap: reason=class_check action=maybe_recompile pc=0x00007f64af5fa958 method=java.lang.String.equals(Ljava/lang/Object;)Z @ 8 c2
Event: 48.261 Thread 0x00007f64c04b1000 Uncommon trap: reason=class_check action=maybe_recompile pc=0x00007f64af5fa958 method=java.lang.String.equals(Ljava/lang/Object;)Z @ 8 c2
Event: 48.261 Thread 0x00007f64c04b1000 Uncommon trap: reason=class_check action=maybe_recompile pc=0x00007f64af5fa958 method=java.lang.String.equals(Ljava/lang/Object;)Z @ 8 c2
Event: 66.293 Thread 0x00007f64c04b1000 Uncommon trap: reason=unstable_if action=reinterpret pc=0x00007f64af6cc010 method=sun.java2d.marlin.DRenderer.addLine(DDDD)V @ 211 c2
Event: 66.293 Thread 0x00007f64c04b1000 Uncommon trap: reason=unstable_if action=reinterpret pc=0x00007f64af68d9cc method=sun.java2d.marlin.DRenderer._endRendering(II)V @ 1956 c2
Event: 66.294 Thread 0x00007f64c04b1000 Uncommon trap: reason=unstable_if action=reinterpret pc=0x00007f64af6ab7a8 method=sun.java2d.marlin.MarlinTileGenerator.getAlphaRLE([BII)V @ 1304 c2
Event: 66.294 Thread 0x00007f64c04b1000 Uncommon trap: reason=unstable_if action=reinterpret pc=0x00007f64af675824 method=sun.java2d.marlin.DRenderer._endRendering(II)V @ 1956 c2
Event: 66.296 Thread 0x00007f64c04b1000 Uncommon trap: reason=unstable_if action=reinterpret pc=0x00007f64af681bb4 method=sun.java2d.marlin.DRenderer._endRendering(II)V @ 1956 c2
Event: 69.975 Thread 0x00007f64c04b1000 Uncommon trap: reason=unstable_if action=reinterpret pc=0x00007f64af63cd48 method=java.lang.ref.ReferenceQueue.poll()Ljava/lang/ref/Reference; @ 4 c2
Event: 69.983 Thread 0x00007f64c04b1000 Uncommon trap: reason=unstable_if action=reinterpret pc=0x00007f64af69a020 method=sun.java2d.marlin.MarlinCache.copyAARowRLE_WithBlockFlags([I[IIII)V @ 462 c2

Classes redefined (0 events):
No events

Internal exceptions (10 events):
Event: 1.319 Thread 0x00007f64c0012000 Exception <a 'java/lang/ClassNotFoundException'{0x00000000c6bd5600}: Tree> (0x00000000c6bd5600) thrown at [/build/openjdk-lts-Ae5PRQ/openjdk-lts-10.0.2+13/src/hotspot/share/classfile/systemDictionary.cpp, line 233]
Event: 1.319 Thread 0x00007f64c0012000 Exception <a 'java/lang/ClassNotFoundException'{0x00000000c6bd5af8}: Tree> (0x00000000c6bd5af8) thrown at [/build/openjdk-lts-Ae5PRQ/openjdk-lts-10.0.2+13/src/hotspot/share/classfile/systemDictionary.cpp, line 233]
Event: 1.319 Thread 0x00007f64c0012000 Exception <a 'java/lang/ClassNotFoundException'{0x00000000c6bd5e68}: javax/swing/JTreeCell> (0x00000000c6bd5e68) thrown at [/build/openjdk-lts-Ae5PRQ/openjdk-lts-10.0.2+13/src/hotspot/share/classfile/systemDictionary.cpp, line 233]
Event: 1.319 Thread 0x00007f64c0012000 Exception <a 'java/lang/ClassNotFoundException'{0x00000000c6bd6168}: TreeCell> (0x00000000c6bd6168) thrown at [/build/openjdk-lts-Ae5PRQ/openjdk-lts-10.0.2+13/src/hotspot/share/classfile/systemDictionary.cpp, line 233]
Event: 1.321 Thread 0x00007f64c0012000 Exception <a 'java/lang/ClassNotFoundException'{0x00000000c6bd6938}: RootPane> (0x00000000c6bd6938) thrown at [/build/openjdk-lts-Ae5PRQ/openjdk-lts-10.0.2+13/src/hotspot/share/classfile/systemDictionary.cpp, line 233]
Event: 1.324 Thread 0x00007f64c0012000 Exception <a 'java/lang/ClassNotFoundException'{0x00000000c6bd99c8}: com/sun/swing/internal/plaf/metal/resources/spi/metalProvider> (0x00000000c6bd99c8) thrown at [/build/openjdk-lts-Ae5PRQ/openjdk-lts-10.0.2+13/src/hotspot/share/classfile/systemDictionar
Event: 1.328 Thread 0x00007f64c0012000 Exception <a 'java/lang/ClassNotFoundException'{0x00000000c6bde218}: com/sun/swing/internal/plaf/basic/resources/spi/basicProvider> (0x00000000c6bde218) thrown at [/build/openjdk-lts-Ae5PRQ/openjdk-lts-10.0.2+13/src/hotspot/share/classfile/systemDictionar
Event: 1.382 Thread 0x00007f64c04b1000 Exception <a 'java/lang/ClassNotFoundException'{0x00000000c6a9e638}: com/sun/swing/internal/plaf/synth/resources/spi/synthProvider> (0x00000000c6a9e638) thrown at [/build/openjdk-lts-Ae5PRQ/openjdk-lts-10.0.2+13/src/hotspot/share/classfile/systemDictionar
Event: 1.552 Thread 0x00007f64c04b1000 Exception <a 'java/lang/NoSuchMethodError'{0x00000000c77bf690}: java.lang.invoke.DirectMethodHandle$Holder.invokeStaticInit(Ljava/lang/Object;)V> (0x00000000c77bf690) thrown at [/build/openjdk-lts-Ae5PRQ/openjdk-lts-10.0.2+13/src/hotspot/share/interpreter
Event: 14.204 Thread 0x00007f64c04b1000 Exception <a 'java/lang/UnsupportedOperationException'{0x00000000c75d3720}: > (0x00000000c75d3720) thrown at [/build/openjdk-lts-Ae5PRQ/openjdk-lts-10.0.2+13/src/hotspot/share/prims/jni.cpp, line 632]

Events (10 events):
Event: 70.058 loading class edu/upc/Jfreeling/ListSentence
Event: 70.058 loading class edu/upc/Jfreeling/ListSentence done
Event: 70.412 loading class edu/upc/Jfreeling/ListSentenceIterator
Event: 70.412 loading class edu/upc/Jfreeling/ListSentenceIterator done
Event: 70.412 loading class edu/upc/Jfreeling/ListWordIterator
Event: 70.412 loading class edu/upc/Jfreeling/ListWordIterator done
Event: 70.413 loading class edu/upc/Jfreeling/Word
Event: 70.413 loading class edu/upc/Jfreeling/Word done
Event: 70.413 loading class edu/upc/Jfreeling/ListAnalysis
Event: 70.413 loading class edu/upc/Jfreeling/ListAnalysis done


Dynamic libraries:
c3a00000-c7800000 rw-p 00000000 00:00 0 
c7800000-100000000 ---p 00000000 00:00 0 
100000000-100260000 rw-p 00000000 00:00 0 
100260000-140000000 ---p 00000000 00:00 0 
5638266d1000-5638266d2000 r-xp 00000000 08:05 2780529                    /usr/lib/jvm/java-11-openjdk-amd64/bin/java
5638268d2000-5638268d3000 r--p 00001000 08:05 2780529                    /usr/lib/jvm/java-11-openjdk-amd64/bin/java
5638268d3000-5638268d4000 rw-p 00002000 08:05 2780529                    /usr/lib/jvm/java-11-openjdk-amd64/bin/java
563826a75000-563826a96000 rw-p 00000000 00:00 0                          [heap]
7f640c000000-7f640c021000 rw-p 00000000 00:00 0 
7f640c021000-7f6410000000 ---p 00000000 00:00 0 
7f6414000000-7f641b24f000 rw-p 00000000 00:00 0 
7f641b24f000-7f641c000000 ---p 00000000 00:00 0 
7f641c000000-7f6420000000 rw-p 00000000 00:00 0 
7f6420000000-7f6424000000 rw-p 00000000 00:00 0 
7f64246dd000-7f6424849000 rw-p 00000000 00:00 0 
7f6424849000-7f64248dd000 ---p 00000000 00:00 0 
7f64248dd000-7f64248e1000 ---p 00000000 00:00 0 
7f64248e1000-7f64249de000 rw-p 00000000 00:00 0 
7f64249de000-7f6426386000 r-xp 00000000 08:05 2763410                    /usr/lib/x86_64-linux-gnu/libicudata.so.60.2
7f6426386000-7f6426585000 ---p 019a8000 08:05 2763410                    /usr/lib/x86_64-linux-gnu/libicudata.so.60.2
7f6426585000-7f6426586000 r--p 019a7000 08:05 2763410                    /usr/lib/x86_64-linux-gnu/libicudata.so.60.2
7f6426586000-7f6426587000 rw-p 019a8000 08:05 2763410                    /usr/lib/x86_64-linux-gnu/libicudata.so.60.2
7f6426587000-7f64265e3000 r-xp 00000000 08:05 666095                     /home/dertas/FreeLing/lib/libfoma.so
7f64265e3000-7f64267e2000 ---p 0005c000 08:05 666095                     /home/dertas/FreeLing/lib/libfoma.so
7f64267e2000-7f64267e3000 r--p 0005b000 08:05 666095                     /home/dertas/FreeLing/lib/libfoma.so
7f64267e3000-7f64267e4000 rw-p 0005c000 08:05 666095                     /home/dertas/FreeLing/lib/libfoma.so
7f64267e4000-7f6428000000 rw-p 00000000 00:00 0 
7f6428000000-7f6428021000 rw-p 00000000 00:00 0 
7f6428021000-7f642c000000 ---p 00000000 00:00 0 
7f642c000000-7f642c021000 rw-p 00000000 00:00 0 
7f642c021000-7f6430000000 ---p 00000000 00:00 0 
7f6430000000-7f6430021000 rw-p 00000000 00:00 0 
7f6430021000-7f6434000000 ---p 00000000 00:00 0 
7f6434000000-7f6434021000 rw-p 00000000 00:00 0 
7f6434021000-7f6438000000 ---p 00000000 00:00 0 
7f6438000000-7f6438021000 rw-p 00000000 00:00 0 
7f6438021000-7f643c000000 ---p 00000000 00:00 0 
7f643c006000-7f643c80f000 rw-p 00000000 00:00 0 
7f643c80f000-7f643caa1000 r-xp 00000000 08:05 2763412                    /usr/lib/x86_64-linux-gnu/libicui18n.so.60.2
7f643caa1000-7f643cca0000 ---p 00292000 08:05 2763412                    /usr/lib/x86_64-linux-gnu/libicui18n.so.60.2
7f643cca0000-7f643ccaf000 r--p 00291000 08:05 2763412                    /usr/lib/x86_64-linux-gnu/libicui18n.so.60.2
7f643ccaf000-7f643ccb0000 rw-p 002a0000 08:05 2763412                    /usr/lib/x86_64-linux-gnu/libicui18n.so.60.2
7f643ccb0000-7f643ce53000 r-xp 00000000 08:05 2763420                    /usr/lib/x86_64-linux-gnu/libicuuc.so.60.2
7f643ce53000-7f643d052000 ---p 001a3000 08:05 2763420                    /usr/lib/x86_64-linux-gnu/libicuuc.so.60.2
7f643d052000-7f643d065000 r--p 001a2000 08:05 2763420                    /usr/lib/x86_64-linux-gnu/libicuuc.so.60.2
7f643d065000-7f643d066000 rw-p 001b5000 08:05 2763420                    /usr/lib/x86_64-linux-gnu/libicuuc.so.60.2
7f643d066000-7f643d067000 rw-p 00000000 00:00 0 
7f643d067000-7f643d16a000 r-xp 00000000 08:05 2779717                    /usr/lib/x86_64-linux-gnu/libboost_regex.so.1.65.1
7f643d16a000-7f643d369000 ---p 00103000 08:05 2779717                    /usr/lib/x86_64-linux-gnu/libboost_regex.so.1.65.1
7f643d369000-7f643d36e000 r--p 00102000 08:05 2779717                    /usr/lib/x86_64-linux-gnu/libboost_regex.so.1.65.1
7f643d36e000-7f643d36f000 rw-p 00107000 08:05 2779717                    /usr/lib/x86_64-linux-gnu/libboost_regex.so.1.65.1
7f643d36f000-7f643d478000 r-xp 00000000 08:05 666102                     /home/dertas/FreeLing/lib/libtreeler.so
7f643d478000-7f643d677000 ---p 00109000 08:05 666102                     /home/dertas/FreeLing/lib/libtreeler.so
7f643d677000-7f643d678000 r--p 00108000 08:05 666102                     /home/dertas/FreeLing/lib/libtreeler.so
7f643d678000-7f643d67f000 rw-p 00109000 08:05 666102                     /home/dertas/FreeLing/lib/libtreeler.so
7f643d67f000-7f643d683000 r-xp 00000000 08:05 2762924                    /usr/lib/x86_64-linux-gnu/libboost_system.so.1.65.1
7f643d683000-7f643d882000 ---p 00004000 08:05 2762924                    /usr/lib/x86_64-linux-gnu/libboost_system.so.1.65.1
7f643d882000-7f643d883000 r--p 00003000 08:05 2762924                    /usr/lib/x86_64-linux-gnu/libboost_system.so.1.65.1
7f643d883000-7f643d884000 rw-p 00004000 08:05 2762924                    /usr/lib/x86_64-linux-gnu/libboost_system.so.1.65.1
7f643d884000-7f643e037000 r-xp 00000000 08:05 666195                     /home/dertas/FreeLing/lib/libfreeling.so
7f643e037000-7f643e237000 ---p 007b3000 08:05 666195                     /home/dertas/FreeLing/lib/libfreeling.so
7f643e237000-7f643e23c000 r--p 007b3000 08:05 666195                     /home/dertas/FreeLing/lib/libfreeling.so
7f643e23c000-7f643e261000 rw-p 007b8000 08:05 666195                     /home/dertas/FreeLing/lib/libfreeling.so
7f643e261000-7f643e265000 rw-p 00000000 00:00 0 
7f643e265000-7f643e3f4000 r-xp 00000000 08:05 2762756                    /usr/lib/libJfreeling.so
7f643e3f4000-7f643e5f3000 ---p 0018f000 08:05 2762756                    /usr/lib/libJfreeling.so
7f643e5f3000-7f643e5f4000 r--p 0018e000 08:05 2762756                    /usr/lib/libJfreeling.so
7f643e5f4000-7f643e5fc000 rw-p 0018f000 08:05 2762756                    /usr/lib/libJfreeling.so
7f643e5fc000-7f643e7fc000 rw-p 00000000 00:00 0 
7f643e7fc000-7f643e9fc000 rw-p 00000000 00:00 0 
7f643e9fc000-7f643ea00000 ---p 00000000 00:00 0 
7f643ea00000-7f643eafd000 rw-p 00000000 00:00 0 
7f643eafd000-7f643eb01000 ---p 00000000 00:00 0 
7f643eb01000-7f643edfe000 rw-p 00000000 00:00 0 
7f643edfe000-7f643effe000 rw-p 00000000 00:00 0 
7f643effe000-7f643efff000 ---p 00000000 00:00 0 
7f643efff000-7f643f7ff000 rw-p 00000000 00:00 0 
7f643f7ff000-7f643f800000 ---p 00000000 00:00 0 
7f643f800000-7f6440000000 rw-p 00000000 00:00 0 
7f6440000000-7f6440021000 rw-p 00000000 00:00 0 
7f6440021000-7f6444000000 ---p 00000000 00:00 0 
7f6444000000-7f6444021000 rw-p 00000000 00:00 0 
7f6444021000-7f6448000000 ---p 00000000 00:00 0 
7f6448031000-7f644803c000 r--s 00000000 08:05 2892880                    /var/cache/fontconfig/945677eb7aeaf62f1d50efc3fb3ec7d8-le64.cache-7
7f644803c000-7f6448041000 r--s 00000000 08:05 2892850                    /var/cache/fontconfig/2300eef321c393bfd76478a5c0e95b23-le64.cache-7
7f6448041000-7f6448056000 r--s 00000000 08:05 2892840                    /var/cache/fontconfig/04aabc0a78ac019cf9454389977116d2-le64.cache-7
7f6448056000-7f644808f000 r--s 00000000 08:05 2892841                    /var/cache/fontconfig/0bd3dc0958fa2205aaaa8ebb13e2872b-le64.cache-7
7f644808f000-7f6448093000 ---p 00000000 00:00 0 
7f6448093000-7f6448190000 rw-p 00000000 00:00 0 
7f6448190000-7f6448195000 r-xp 00000000 08:05 2762775                    /usr/lib/x86_64-linux-gnu/libXfixes.so.3.1.0
7f6448195000-7f6448394000 ---p 00005000 08:05 2762775                    /usr/lib/x86_64-linux-gnu/libXfixes.so.3.1.0
7f6448394000-7f6448395000 r--p 00004000 08:05 2762775                    /usr/lib/x86_64-linux-gnu/libXfixes.so.3.1.0
7f6448395000-7f6448396000 rw-p 00005000 08:05 2762775                    /usr/lib/x86_64-linux-gnu/libXfixes.so.3.1.0
7f6448396000-7f644839f000 r-xp 00000000 08:05 2762767                    /usr/lib/x86_64-linux-gnu/libXcursor.so.1.0.2
7f644839f000-7f644859e000 ---p 00009000 08:05 2762767                    /usr/lib/x86_64-linux-gnu/libXcursor.so.1.0.2
7f644859e000-7f644859f000 r--p 00008000 08:05 2762767                    /usr/lib/x86_64-linux-gnu/libXcursor.so.1.0.2
7f644859f000-7f64485a0000 rw-p 00009000 08:05 2762767                    /usr/lib/x86_64-linux-gnu/libXcursor.so.1.0.2
7f64485a0000-7f64485a1000 ---p 00000000 00:00 0 
7f64485a1000-7f6448da1000 rw-p 00000000 00:00 0 
7f6448da1000-7f6448dad000 r-xp 00000000 08:05 2888754                    /usr/lib/x86_64-linux-gnu/gio/modules/libdconfsettings.so
7f6448dad000-7f6448fac000 ---p 0000c000 08:05 2888754                    /usr/lib/x86_64-linux-gnu/gio/modules/libdconfsettings.so
7f6448fac000-7f6448fad000 r--p 0000b000 08:05 2888754                    /usr/lib/x86_64-linux-gnu/gio/modules/libdconfsettings.so
7f6448fad000-7f6448fae000 rw-p 0000c000 08:05 2888754                    /usr/lib/x86_64-linux-gnu/gio/modules/libdconfsettings.so
7f6448fae000-7f6448fb4000 r-xp 00000000 08:05 398915                     /lib/x86_64-linux-gnu/libuuid.so.1.3.0
7f6448fb4000-7f64491b3000 ---p 00006000 08:05 398915                     /lib/x86_64-linux-gnu/libuuid.so.1.3.0
7f64491b3000-7f64491b4000 r--p 00005000 08:05 398915                     /lib/x86_64-linux-gnu/libuuid.so.1.3.0
7f64491b4000-7f64491b5000 rw-p 00006000 08:05 398915                     /lib/x86_64-linux-gnu/libuuid.so.1.3.0
7f64491b5000-7f64491fc000 r-xp 00000000 08:05 398740                     /lib/x86_64-linux-gnu/libblkid.so.1.1.0
7f64491fc000-7f64493fc000 ---p 00047000 08:05 398740                     /lib/x86_64-linux-gnu/libblkid.so.1.1.0
7f64493fc000-7f6449400000 r--p 00047000 08:05 398740                     /lib/x86_64-linux-gnu/libblkid.so.1.1.0
7f6449400000-7f6449401000 rw-p 0004b000 08:05 398740                     /lib/x86_64-linux-gnu/libblkid.so.1.1.0
7f6449401000-7f6449402000 rw-p 00000000 00:00 0 
7f6449402000-7f6449472000 r-xp 00000000 08:05 398869                     /lib/x86_64-linux-gnu/libpcre.so.3.13.3
7f6449472000-7f6449672000 ---p 00070000 08:05 398869                     /lib/x86_64-linux-gnu/libpcre.so.3.13.3
7f6449672000-7f6449673000 r--p 00070000 08:05 398869                     /lib/x86_64-linux-gnu/libpcre.so.3.13.3
7f6449673000-7f6449674000 rw-p 00071000 08:05 398869                     /lib/x86_64-linux-gnu/libpcre.so.3.13.3
7f6449674000-7f644967b000 r-xp 00000000 08:05 2763121                    /usr/lib/x86_64-linux-gnu/libffi.so.6.0.4
7f644967b000-7f644987a000 ---p 00007000 08:05 2763121                    /usr/lib/x86_64-linux-gnu/libffi.so.6.0.4
7f644987a000-7f644987b000 r--p 00006000 08:05 2763121                    /usr/lib/x86_64-linux-gnu/libffi.so.6.0.4
7f644987b000-7f644987c000 rw-p 00007000 08:05 2763121                    /usr/lib/x86_64-linux-gnu/libffi.so.6.0.4
7f644987c000-7f64498cd000 r-xp 00000000 08:05 398817                     /lib/x86_64-linux-gnu/libmount.so.1.1.0
7f64498cd000-7f6449acc000 ---p 00051000 08:05 398817                     /lib/x86_64-linux-gnu/libmount.so.1.1.0
7f6449acc000-7f6449ace000 r--p 00050000 08:05 398817                     /lib/x86_64-linux-gnu/libmount.so.1.1.0
7f6449ace000-7f6449acf000 rw-p 00052000 08:05 398817                     /lib/x86_64-linux-gnu/libmount.so.1.1.0
7f6449acf000-7f6449ad0000 rw-p 00000000 00:00 0 
7f6449ad0000-7f6449ae7000 r-xp 00000000 08:05 398886                     /lib/x86_64-linux-gnu/libresolv-2.27.so
7f6449ae7000-7f6449ce7000 ---p 00017000 08:05 398886                     /lib/x86_64-linux-gnu/libresolv-2.27.so
7f6449ce7000-7f6449ce8000 r--p 00017000 08:05 398886                     /lib/x86_64-linux-gnu/libresolv-2.27.so
7f6449ce8000-7f6449ce9000 rw-p 00018000 08:05 398886                     /lib/x86_64-linux-gnu/libresolv-2.27.so
7f6449ce9000-7f6449ceb000 rw-p 00000000 00:00 0 
7f6449ceb000-7f6449d10000 r-xp 00000000 08:05 398892                     /lib/x86_64-linux-gnu/libselinux.so.1
7f6449d10000-7f6449f0f000 ---p 00025000 08:05 398892                     /lib/x86_64-linux-gnu/libselinux.so.1
7f6449f0f000-7f6449f10000 r--p 00024000 08:05 398892                     /lib/x86_64-linux-gnu/libselinux.so.1
7f6449f10000-7f6449f11000 rw-p 00025000 08:05 398892                     /lib/x86_64-linux-gnu/libselinux.so.1
7f6449f11000-7f6449f13000 rw-p 00000000 00:00 0 
7f6449f13000-7f644a026000 r-xp 00000000 08:05 2752863                    /usr/lib/x86_64-linux-gnu/libglib-2.0.so.0.5600.3
7f644a026000-7f644a226000 ---p 00113000 08:05 2752863                    /usr/lib/x86_64-linux-gnu/libglib-2.0.so.0.5600.3
7f644a226000-7f644a227000 r--p 00113000 08:05 2752863                    /usr/lib/x86_64-linux-gnu/libglib-2.0.so.0.5600.3
7f644a227000-7f644a228000 rw-p 00114000 08:05 2752863                    /usr/lib/x86_64-linux-gnu/libglib-2.0.so.0.5600.3
7f644a228000-7f644a229000 rw-p 00000000 00:00 0 
7f644a229000-7f644a22c000 r-xp 00000000 08:05 2752884                    /usr/lib/x86_64-linux-gnu/libgmodule-2.0.so.0.5600.3
7f644a22c000-7f644a42b000 ---p 00003000 08:05 2752884                    /usr/lib/x86_64-linux-gnu/libgmodule-2.0.so.0.5600.3
7f644a42b000-7f644a42c000 r--p 00002000 08:05 2752884                    /usr/lib/x86_64-linux-gnu/libgmodule-2.0.so.0.5600.3
7f644a42c000-7f644a42d000 rw-p 00003000 08:05 2752884                    /usr/lib/x86_64-linux-gnu/libgmodule-2.0.so.0.5600.3
7f644a42d000-7f644a47f000 r-xp 00000000 08:05 2752885                    /usr/lib/x86_64-linux-gnu/libgobject-2.0.so.0.5600.3
7f644a47f000-7f644a67f000 ---p 00052000 08:05 2752885                    /usr/lib/x86_64-linux-gnu/libgobject-2.0.so.0.5600.3
7f644a67f000-7f644a680000 r--p 00052000 08:05 2752885                    /usr/lib/x86_64-linux-gnu/libgobject-2.0.so.0.5600.3
7f644a680000-7f644a681000 rw-p 00053000 08:05 2752885                    /usr/lib/x86_64-linux-gnu/libgobject-2.0.so.0.5600.3
7f644a681000-7f644a816000 r-xp 00000000 08:05 2752854                    /usr/lib/x86_64-linux-gnu/libgio-2.0.so.0.5600.3
7f644a816000-7f644aa16000 ---p 00195000 08:05 2752854                    /usr/lib/x86_64-linux-gnu/libgio-2.0.so.0.5600.3
7f644aa16000-7f644aa1d000 r--p 00195000 08:05 2752854                    /usr/lib/x86_64-linux-gnu/libgio-2.0.so.0.5600.3
7f644aa1d000-7f644aa1e000 rw-p 0019c000 08:05 2752854                    /usr/lib/x86_64-linux-gnu/libgio-2.0.so.0.5600.3
7f644aa1e000-7f644aa20000 rw-p 00000000 00:00 0 
7f644aa20000-7f644aa2a000 r-xp 00000000 08:05 2762791                    /usr/lib/x86_64-linux-gnu/libXrandr.so.2.2.0
7f644aa2a000-7f644ac29000 ---p 0000a000 08:05 2762791                    /usr/lib/x86_64-linux-gnu/libXrandr.so.2.2.0
7f644ac29000-7f644ac2a000 r--p 00009000 08:05 2762791                    /usr/lib/x86_64-linux-gnu/libXrandr.so.2.2.0
7f644ac2a000-7f644ac2b000 rw-p 0000a000 08:05 2762791                    /usr/lib/x86_64-linux-gnu/libXrandr.so.2.2.0
7f644ac2b000-7f644ac5c000 r-xp 00000000 08:05 2763686                    /usr/lib/x86_64-linux-gnu/libpng16.so.16.34.0
7f644ac5c000-7f644ae5b000 ---p 00031000 08:05 2763686                    /usr/lib/x86_64-linux-gnu/libpng16.so.16.34.0
7f644ae5b000-7f644ae5c000 r--p 00030000 08:05 2763686                    /usr/lib/x86_64-linux-gnu/libpng16.so.16.34.0
7f644ae5c000-7f644ae5d000 rw-p 00031000 08:05 2763686                    /usr/lib/x86_64-linux-gnu/libpng16.so.16.34.0
7f644ae5d000-7f644af0a000 r-xp 00000000 08:05 2763175                    /usr/lib/x86_64-linux-gnu/libfreetype.so.6.15.0
7f644af0a000-7f644b109000 ---p 000ad000 08:05 2763175                    /usr/lib/x86_64-linux-gnu/libfreetype.so.6.15.0
7f644b109000-7f644b110000 r--p 000ac000 08:05 2763175                    /usr/lib/x86_64-linux-gnu/libfreetype.so.6.15.0
7f644b110000-7f644b111000 rw-p 000b3000 08:05 2763175                    /usr/lib/x86_64-linux-gnu/libfreetype.so.6.15.0
7f644b111000-7f644b1a6000 r-xp 00000000 08:05 2780676                    /usr/lib/jvm/java-11-openjdk-amd64/lib/libfontmanager.so
7f644b1a6000-7f644b3a6000 ---p 00095000 08:05 2780676                    /usr/lib/jvm/java-11-openjdk-amd64/lib/libfontmanager.so
7f644b3a6000-7f644b3a7000 r--p 00095000 08:05 2780676                    /usr/lib/jvm/java-11-openjdk-amd64/lib/libfontmanager.so
7f644b3a7000-7f644b3a8000 rw-p 00096000 08:05 2780676                    /usr/lib/jvm/java-11-openjdk-amd64/lib/libfontmanager.so
7f644b3a8000-7f644b5a9000 rw-p 00000000 00:00 0 
7f644b5a9000-7f644b5bc000 r-xp 00000000 08:05 398744                     /lib/x86_64-linux-gnu/libbsd.so.0.8.7
7f644b5bc000-7f644b7bb000 ---p 00013000 08:05 398744                     /lib/x86_64-linux-gnu/libbsd.so.0.8.7
7f644b7bb000-7f644b7bc000 r--p 00012000 08:05 398744                     /lib/x86_64-linux-gnu/libbsd.so.0.8.7
7f644b7bc000-7f644b7bd000 rw-p 00013000 08:05 398744                     /lib/x86_64-linux-gnu/libbsd.so.0.8.7
7f644b7bd000-7f644b7be000 rw-p 00000000 00:00 0 
7f644b7be000-7f644b7c3000 r-xp 00000000 08:05 2762771                    /usr/lib/x86_64-linux-gnu/libXdmcp.so.6.0.0
7f644b7c3000-7f644b9c2000 ---p 00005000 08:05 2762771                    /usr/lib/x86_64-linux-gnu/libXdmcp.so.6.0.0
7f644b9c2000-7f644b9c3000 r--p 00004000 08:05 2762771                    /usr/lib/x86_64-linux-gnu/libXdmcp.so.6.0.0
7f644b9c3000-7f644b9c4000 rw-p 00005000 08:05 2762771                    /usr/lib/x86_64-linux-gnu/libXdmcp.so.6.0.0
7f644b9c4000-7f644b9c6000 r-xp 00000000 08:05 2762760                    /usr/lib/x86_64-linux-gnu/libXau.so.6.0.0
7f644b9c6000-7f644bbc6000 ---p 00002000 08:05 2762760                    /usr/lib/x86_64-linux-gnu/libXau.so.6.0.0
7f644bbc6000-7f644bbc7000 r--p 00002000 08:05 2762760                    /usr/lib/x86_64-linux-gnu/libXau.so.6.0.0
7f644bbc7000-7f644bbc8000 rw-p 00003000 08:05 2762760                    /usr/lib/x86_64-linux-gnu/libXau.so.6.0.0
7f644bbc8000-7f644bbee000 r-xp 00000000 08:05 2764034                    /usr/lib/x86_64-linux-gnu/libxcb.so.1.1.0
7f644bbee000-7f644bdee000 ---p 00026000 08:05 2764034                    /usr/lib/x86_64-linux-gnu/libxcb.so.1.1.0
7f644bdee000-7f644bdef000 r--p 00026000 08:05 2764034                    /usr/lib/x86_64-linux-gnu/libxcb.so.1.1.0
7f644bdef000-7f644bdf0000 rw-p 00027000 08:05 2764034                    /usr/lib/x86_64-linux-gnu/libxcb.so.1.1.0
7f644bdf0000-7f644bdff000 r-xp 00000000 08:05 2762781                    /usr/lib/x86_64-linux-gnu/libXi.so.6.1.0
7f644bdff000-7f644bffe000 ---p 0000f000 08:05 2762781                    /usr/lib/x86_64-linux-gnu/libXi.so.6.1.0
7f644bffe000-7f644bfff000 r--p 0000e000 08:05 2762781                    /usr/lib/x86_64-linux-gnu/libXi.so.6.1.0
7f644bfff000-7f644c000000 rw-p 0000f000 08:05 2762781                    /usr/lib/x86_64-linux-gnu/libXi.so.6.1.0
7f644c000000-7f644c021000 rw-p 00000000 00:00 0 
7f644c021000-7f6450000000 ---p 00000000 00:00 0 
7f6450000000-7f6450021000 rw-p 00000000 00:00 0 
7f6450021000-7f6454000000 ---p 00000000 00:00 0 
7f6454000000-7f6454716000 rw-p 00000000 00:00 0 
7f6454716000-7f6458000000 ---p 00000000 00:00 0 
7f6458000000-7f6458021000 rw-p 00000000 00:00 0 
7f6458021000-7f645c000000 ---p 00000000 00:00 0 
7f645c000000-7f645cdfd000 rw-p 00000000 00:00 0 
7f645cdfd000-7f6460000000 ---p 00000000 00:00 0 
7f6460000000-7f6460e67000 rw-p 00000000 00:00 0 
7f6460e67000-7f6464000000 ---p 00000000 00:00 0 
7f6464000000-7f6464021000 rw-p 00000000 00:00 0 
7f6464021000-7f6468000000 ---p 00000000 00:00 0 
7f6468000000-7f6468021000 rw-p 00000000 00:00 0 
7f6468021000-7f646c000000 ---p 00000000 00:00 0 
7f646c000000-7f646c021000 rw-p 00000000 00:00 0 
7f646c021000-7f6470000000 ---p 00000000 00:00 0 
7f6470000000-7f6470021000 rw-p 00000000 00:00 0 
7f6470021000-7f6474000000 ---p 00000000 00:00 0 
7f6474000000-7f6474021000 rw-p 00000000 00:00 0 
7f6474021000-7f6478000000 ---p 00000000 00:00 0 
7f6478000000-7f6478021000 rw-p 00000000 00:00 0 
7f6478021000-7f647c000000 ---p 00000000 00:00 0 
7f647c000000-7f647c021000 rw-p 00000000 00:00 0 
7f647c021000-7f6480000000 ---p 00000000 00:00 0 
7f6480000000-7f6480021000 rw-p 00000000 00:00 0 
7f6480021000-7f6484000000 ---p 00000000 00:00 0 
7f6484000000-7f6484021000 rw-p 00000000 00:00 0 
7f6484021000-7f6488000000 ---p 00000000 00:00 0 
7f6488000000-7f6488021000 rw-p 00000000 00:00 0 
7f6488021000-7f648c000000 ---p 00000000 00:00 0 
7f648c000000-7f648c004000 ---p 00000000 00:00 0 
7f648c004000-7f648c101000 rw-p 00000000 00:00 0 
7f648c101000-7f648c106000 r-xp 00000000 08:05 2762799                    /usr/lib/x86_64-linux-gnu/libXtst.so.6.1.0
7f648c106000-7f648c305000 ---p 00005000 08:05 2762799                    /usr/lib/x86_64-linux-gnu/libXtst.so.6.1.0
7f648c305000-7f648c306000 r--p 00004000 08:05 2762799                    /usr/lib/x86_64-linux-gnu/libXtst.so.6.1.0
7f648c306000-7f648c307000 rw-p 00005000 08:05 2762799                    /usr/lib/x86_64-linux-gnu/libXtst.so.6.1.0
7f648c307000-7f648c310000 r-xp 00000000 08:05 2762793                    /usr/lib/x86_64-linux-gnu/libXrender.so.1.3.0
7f648c310000-7f648c50f000 ---p 00009000 08:05 2762793                    /usr/lib/x86_64-linux-gnu/libXrender.so.1.3.0
7f648c50f000-7f648c510000 r--p 00008000 08:05 2762793                    /usr/lib/x86_64-linux-gnu/libXrender.so.1.3.0
7f648c510000-7f648c511000 rw-p 00009000 08:05 2762793                    /usr/lib/x86_64-linux-gnu/libXrender.so.1.3.0
7f648c511000-7f648c644000 r-xp 00000000 08:05 2780005                    /usr/lib/x86_64-linux-gnu/libX11.so.6.3.0
7f648c644000-7f648c844000 ---p 00133000 08:05 2780005                    /usr/lib/x86_64-linux-gnu/libX11.so.6.3.0
7f648c844000-7f648c845000 r--p 00133000 08:05 2780005                    /usr/lib/x86_64-linux-gnu/libX11.so.6.3.0
7f648c845000-7f648c849000 rw-p 00134000 08:05 2780005                    /usr/lib/x86_64-linux-gnu/libX11.so.6.3.0
7f648c849000-7f648c85a000 r-xp 00000000 08:05 2762773                    /usr/lib/x86_64-linux-gnu/libXext.so.6.4.0
7f648c85a000-7f648ca59000 ---p 00011000 08:05 2762773                    /usr/lib/x86_64-linux-gnu/libXext.so.6.4.0
7f648ca59000-7f648ca5a000 r--p 00010000 08:05 2762773                    /usr/lib/x86_64-linux-gnu/libXext.so.6.4.0
7f648ca5a000-7f648ca5b000 rw-p 00011000 08:05 2762773                    /usr/lib/x86_64-linux-gnu/libXext.so.6.4.0
7f648ca5b000-7f648caba000 r-xp 00000000 08:05 2780673                    /usr/lib/jvm/java-11-openjdk-amd64/lib/libawt_xawt.so
7f648caba000-7f648ccb9000 ---p 0005f000 08:05 2780673                    /usr/lib/jvm/java-11-openjdk-amd64/lib/libawt_xawt.so
7f648ccb9000-7f648ccba000 r--p 0005e000 08:05 2780673                    /usr/lib/jvm/java-11-openjdk-amd64/lib/libawt_xawt.so
7f648ccba000-7f648ccbd000 rw-p 0005f000 08:05 2780673                    /usr/lib/jvm/java-11-openjdk-amd64/lib/libawt_xawt.so
7f648ccbd000-7f648ccbf000 rw-p 00000000 00:00 0 
7f648ccbf000-7f648cd5f000 r-xp 00000000 08:05 2780671                    /usr/lib/jvm/java-11-openjdk-amd64/lib/libawt.so
7f648cd5f000-7f648cf5f000 ---p 000a0000 08:05 2780671                    /usr/lib/jvm/java-11-openjdk-amd64/lib/libawt.so
7f648cf5f000-7f648cf60000 r--p 000a0000 08:05 2780671                    /usr/lib/jvm/java-11-openjdk-amd64/lib/libawt.so
7f648cf60000-7f648cf6b000 rw-p 000a1000 08:05 2780671                    /usr/lib/jvm/java-11-openjdk-amd64/lib/libawt.so
7f648cf6b000-7f648cf90000 rw-p 00000000 00:00 0 
7f648cf90000-7f648cf91000 ---p 00000000 00:00 0 
7f648cf91000-7f648d092000 rw-p 00000000 00:00 0 
7f648d092000-7f648d096000 ---p 00000000 00:00 0 
7f648d096000-7f648d193000 rw-p 00000000 00:00 0 
7f648d193000-7f648d1aa000 r-xp 00000000 08:05 2780694                    /usr/lib/jvm/java-11-openjdk-amd64/lib/libnet.so
7f648d1aa000-7f648d3a9000 ---p 00017000 08:05 2780694                    /usr/lib/jvm/java-11-openjdk-amd64/lib/libnet.so
7f648d3a9000-7f648d3aa000 r--p 00016000 08:05 2780694                    /usr/lib/jvm/java-11-openjdk-amd64/lib/libnet.so
7f648d3aa000-7f648d3ab000 rw-p 00017000 08:05 2780694                    /usr/lib/jvm/java-11-openjdk-amd64/lib/libnet.so
7f648d3ab000-7f648d3bc000 r-xp 00000000 08:05 2780695                    /usr/lib/jvm/java-11-openjdk-amd64/lib/libnio.so
7f648d3bc000-7f648d5bb000 ---p 00011000 08:05 2780695                    /usr/lib/jvm/java-11-openjdk-amd64/lib/libnio.so
7f648d5bb000-7f648d5bc000 r--p 00010000 08:05 2780695                    /usr/lib/jvm/java-11-openjdk-amd64/lib/libnio.so
7f648d5bc000-7f648d5bd000 rw-p 00011000 08:05 2780695                    /usr/lib/jvm/java-11-openjdk-amd64/lib/libnio.so
7f648d5bd000-7f648e000000 r--p 00000000 08:05 2759155                    /usr/lib/locale/locale-archive
7f648e000000-7f6490000000 rw-p 00000000 00:00 0 
7f6490000000-7f6490021000 rw-p 00000000 00:00 0 
7f6490021000-7f6494000000 ---p 00000000 00:00 0 
7f6494000000-7f6494021000 rw-p 00000000 00:00 0 
7f6494021000-7f6498000000 ---p 00000000 00:00 0 
7f6498000000-7f6498021000 rw-p 00000000 00:00 0 
7f6498021000-7f649c000000 ---p 00000000 00:00 0 
7f649c000000-7f649c021000 rw-p 00000000 00:00 0 
7f649c021000-7f64a0000000 ---p 00000000 00:00 0 
7f64a0000000-7f64a0021000 rw-p 00000000 00:00 0 
7f64a0021000-7f64a4000000 ---p 00000000 00:00 0 
7f64a4003000-7f64a4004000 r--s 00000000 08:05 2892843                    /var/cache/fontconfig/0d8c3b2ac0904cb8a57a757ad11a4a08-le64.cache-7
7f64a4004000-7f64a4005000 r--s 00000000 08:05 2892847                    /var/cache/fontconfig/1ac9eb803944fde146138c791f5cc56a-le64.cache-7
7f64a4005000-7f64a4006000 r--s 00000000 08:05 2892900                    /var/cache/fontconfig/dc05db6664285cc2f12bf69c139ae4c3-le64.cache-7
7f64a4006000-7f64a4008000 r--s 00000000 08:05 2892844                    /var/cache/fontconfig/14a5e22175779b556eaa434240950366-le64.cache-7
7f64a4008000-7f64a4009000 r--s 00000000 08:05 2892872                    /var/cache/fontconfig/660208299946a285a940457d1287da33-le64.cache-7
7f64a4009000-7f64a400b000 r--s 00000000 08:05 2892863                    /var/cache/fontconfig/4f3e3037c9980c83b53a9351efadef62-le64.cache-7
7f64a400b000-7f64a400d000 r--s 00000000 08:05 2892877                    /var/cache/fontconfig/767a8244fc0220cfb567a839d0392e0b-le64.cache-7
7f64a400d000-7f64a400e000 r--s 00000000 08:05 2892858                    /var/cache/fontconfig/4794a0821666d79190d59a36cb4f44b5-le64.cache-7
7f64a400e000-7f64a4013000 r--s 00000000 08:05 2892901                    /var/cache/fontconfig/def309198bfa603429122923fa2bb2d4-le64.cache-7
7f64a4013000-7f64a4014000 r--s 00000000 08:05 2892888                    /var/cache/fontconfig/b872e6e592da6075ffa4ab0a1fcc0c75-le64.cache-7
7f64a4014000-7f64a4015000 r--s 00000000 08:05 2892906                    /var/cache/fontconfig/f6d4eedfaab2589bde49f7a3ff831d22-le64.cache-7
7f64a4015000-7f64a4016000 r--s 00000000 08:05 2892870                    /var/cache/fontconfig/589f83ef4c36d296ce6e1c846f468f08-le64.cache-7
7f64a4016000-7f64a4017000 r--s 00000000 08:05 2892890                    /var/cache/fontconfig/bab58bb527bb656aaa9f116d68a48d89-le64.cache-7
7f64a4017000-7f64a4018000 r--s 00000000 08:05 2892848                    /var/cache/fontconfig/2171a34dccabdb6bcbbc728186263178-le64.cache-7
7f64a4018000-7f64a4019000 r--s 00000000 08:05 2892891                    /var/cache/fontconfig/c5c45a61289222e0d30b1a26ef4effbe-le64.cache-7
7f64a4019000-7f64a401a000 r--s 00000000 08:05 2892886                    /var/cache/fontconfig/aec30016f93e1b46d1a973dce0d74068-le64.cache-7
7f64a401a000-7f64a401b000 r--s 00000000 08:05 2892856                    /var/cache/fontconfig/3f589640d34b7dc9042c8d453f7c8b9c-le64.cache-7
7f64a401b000-7f64a401c000 r--s 00000000 08:05 2892845                    /var/cache/fontconfig/16c2fda60d1b4b719f4b3d06fd951d25-le64.cache-7
7f64a401c000-7f64a401d000 r--s 00000000 08:05 2892885                    /var/cache/fontconfig/a48eab177a16e4f3713381162db2f3e9-le64.cache-7
7f64a401d000-7f64a401e000 r--s 00000000 08:05 2892866                    /var/cache/fontconfig/564b2e68ac9bc4e36a6f7f6d6125ec1c-le64.cache-7
7f64a401e000-7f64a4023000 r--s 00000000 08:05 2892883                    /var/cache/fontconfig/9d2451b1fd30e5bffe8383fd27c35478-le64.cache-7
7f64a4023000-7f64a4029000 r--s 00000000 08:05 2892851                    /var/cache/fontconfig/3047814df9a2f067bd2d96a2b9c36e5a-le64.cache-7
7f64a4029000-7f64a402a000 r--s 00000000 08:05 2892867                    /var/cache/fontconfig/56cf4f4769d0f4abc89a4895d7bd3ae1-le64.cache-7
7f64a402a000-7f64a402b000 r--s 00000000 08:05 2892889                    /var/cache/fontconfig/b9d506c9ac06c20b433354fa67a72993-le64.cache-7
7f64a402b000-7f64a4031000 r--s 00000000 08:05 2892887                    /var/cache/fontconfig/b47c4e1ecd0709278f4910c18777a504-le64.cache-7
7f64a4031000-7f64a4044000 r--s 00000000 08:05 2892897                    /var/cache/fontconfig/d52a8644073d54c13679302ca1180695-le64.cache-7
7f64a4044000-7f64a4045000 r--s 00000000 08:05 2892854                    /var/cache/fontconfig/370e5b74bf5dafc30834de68e24a87a4-le64.cache-7
7f64a4045000-7f64a4046000 r--s 00000000 08:05 2892875                    /var/cache/fontconfig/6b2c5944714ca7831b25bed9e85cb5c8-le64.cache-7
7f64a4046000-7f64a4047000 r--s 00000000 08:05 2892896                    /var/cache/fontconfig/d5178ab6d91b49bf20a416737dcea9e8-le64.cache-7
7f64a4047000-7f64a4048000 r--s 00000000 08:05 2892865                    /var/cache/fontconfig/551ecf3b0e8b0bca0f25c0944f561853-le64.cache-7
7f64a4048000-7f64a404b000 r--s 00000000 08:05 2892905                    /var/cache/fontconfig/f259c2cffa685e28062317905db73c4a-le64.cache-7
7f64a404b000-7f64a404d000 r--s 00000000 08:05 2892864                    /var/cache/fontconfig/550f3886151c940c12a5ed35f6a00586-le64.cache-7
7f64a404d000-7f64a4050000 r--s 00000000 08:05 2892873                    /var/cache/fontconfig/674d1711f2d1d2a09646eb0bdcadee49-le64.cache-7
7f64a4050000-7f64a4051000 r--s 00000000 08:05 2892857                    /var/cache/fontconfig/3f7329c5293ffd510edef78f73874cfd-le64.cache-7
7f64a4051000-7f64a405d000 r--s 00000000 08:05 2886678                    /var/cache/fontconfig/d589a48862398ed80a3d6066f4f56f4c-le64.cache-7
7f64a405d000-7f64a405e000 r--s 00000000 08:05 2892852                    /var/cache/fontconfig/30829fa25452a46451e813d634d7f916-le64.cache-7
7f64a405e000-7f64a405f000 r--s 00000000 08:05 2892842                    /var/cache/fontconfig/0c9eb80ebd1c36541ebe2852d3bb0c49-le64.cache-7
7f64a405f000-7f64a4060000 r--s 00000000 08:05 2892849                    /var/cache/fontconfig/22368d551a680bfe5a62c02760edf4ea-le64.cache-7
7f64a4060000-7f64a4061000 r--s 00000000 08:05 2892862                    /var/cache/fontconfig/4d9c95eba1cb85bbcf2878543262124a-le64.cache-7
7f64a4061000-7f64a4062000 r--s 00000000 08:05 2892879                    /var/cache/fontconfig/85e0a52ce643a7ba2ae53e5d6949cead-le64.cache-7
7f64a4062000-7f64a4063000 r--s 00000000 08:05 2892859                    /var/cache/fontconfig/49f0de54bdd920fe4f0dfd4cbac43e6b-le64.cache-7
7f64a4063000-7f64a4064000 r--s 00000000 08:05 2892907                    /var/cache/fontconfig/f6e6e0a5c3d2f6ae0c0c2e0ecd42a997-le64.cache-7
7f64a4064000-7f64a4065000 r--s 00000000 08:05 2892860                    /var/cache/fontconfig/4b2eda6bb976bda485cb2176619421d5-le64.cache-7
7f64a4065000-7f64a4073000 r--s 00000000 08:05 2892882                    /var/cache/fontconfig/9b89f8e3dae116d678bbf48e5f21f69b-le64.cache-7
7f64a4073000-7f64a407c000 r--s 00000000 08:05 2892894                    /var/cache/fontconfig/d0972c3d32f097851eb916381fc38920-le64.cache-7
7f64a407c000-7f64a407e000 r--s 00000000 08:05 2892874                    /var/cache/fontconfig/6afa1bb216ce958c1589e297e8008489-le64.cache-7
7f64a407e000-7f64a4095000 r--p 00000000 08:05 137474                     /usr/share/glib-2.0/schemas/gschemas.compiled
7f64a4095000-7f64a40b5000 r--p 00000000 08:05 266959                     /usr/share/locale-langpack/es/LC_MESSAGES/glib20.mo
7f64a40b5000-7f64a40d9000 r--p 00000000 08:05 268122                     /usr/share/locale-langpack/es/LC_MESSAGES/libc.mo
7f64a40d9000-7f64a40dd000 ---p 00000000 00:00 0 
7f64a40dd000-7f64a41da000 rw-p 00000000 00:00 0 
7f64a41da000-7f64a41de000 ---p 00000000 00:00 0 
7f64a41de000-7f64a42db000 rw-p 00000000 00:00 0 
7f64a42db000-7f64a42df000 ---p 00000000 00:00 0 
7f64a42df000-7f64a43dc000 rw-p 00000000 00:00 0 
7f64a43dc000-7f64a43e0000 ---p 00000000 00:00 0 
7f64a43e0000-7f64a44dd000 rw-p 00000000 00:00 0 
7f64a44dd000-7f64a44e1000 ---p 00000000 00:00 0 
7f64a44e1000-7f64a45de000 rw-p 00000000 00:00 0 
7f64a45de000-7f64a45e2000 ---p 00000000 00:00 0 
7f64a45e2000-7f64a46df000 rw-p 00000000 00:00 0 
7f64a46df000-7f64a46e3000 ---p 00000000 00:00 0 
7f64a46e3000-7f64a47e0000 rw-p 00000000 00:00 0 
7f64a47e0000-7f64a47e4000 ---p 00000000 00:00 0 
7f64a47e4000-7f64a48e1000 rw-p 00000000 00:00 0 
7f64a48e1000-7f64a48e2000 ---p 00000000 00:00 0 
7f64a48e2000-7f64a51e3000 rw-p 00000000 00:00 0 
7f64a51e3000-7f64a51e4000 ---p 00000000 00:00 0 
7f64a51e4000-7f64a52e5000 rw-p 00000000 00:00 0 
7f64a52e5000-7f64a52e6000 ---p 00000000 00:00 0 
7f64a52e6000-7f64a53e7000 rw-p 00000000 00:00 0 
7f64a53e7000-7f64a53e8000 ---p 00000000 00:00 0 
7f64a53e8000-7f64a54e9000 rw-p 00000000 00:00 0 
7f64a54e9000-7f64a54ea000 ---p 00000000 00:00 0 
7f64a54ea000-7f64a55eb000 rw-p 00000000 00:00 0 
7f64a55eb000-7f64a55ec000 ---p 00000000 00:00 0 
7f64a55ec000-7f64a5af1000 rw-p 00000000 00:00 0 
7f64a5af1000-7f64a5af2000 ---p 00000000 00:00 0 
7f64a5af2000-7f64a5bf3000 rw-p 00000000 00:00 0 
7f64a5bf3000-7f64a5bf4000 ---p 00000000 00:00 0 
7f64a5bf4000-7f64a5ded000 rw-p 00000000 00:00 0 
7f64a5ded000-7f64a6c0d000 ---p 00000000 00:00 0 
7f64a6c0d000-7f64a6d05000 rw-p 00000000 00:00 0 
7f64a6d05000-7f64a7b25000 ---p 00000000 00:00 0 
7f64a7b25000-7f64a7d95000 rwxp 00000000 00:00 0 
7f64a7d95000-7f64a80b5000 ---p 00000000 00:00 0 
7f64a80b5000-7f64a85d5000 rwxp 00000000 00:00 0 
7f64a85d5000-7f64af5ed000 ---p 00000000 00:00 0 
7f64af5ed000-7f64af85d000 rwxp 00000000 00:00 0 
7f64af85d000-7f64b6b25000 ---p 00000000 00:00 0 
7f64b6b25000-7f64c0000000 r--s 00000000 08:05 2780704                    /usr/lib/jvm/java-11-openjdk-amd64/lib/modules
7f64c0000000-7f64c04b5000 rw-p 00000000 00:00 0 
7f64c04b5000-7f64c4000000 ---p 00000000 00:00 0 
7f64c4000000-7f64c4003000 r--s 00000000 08:05 2892902                    /var/cache/fontconfig/e13b20fdb08344e0e664864cc2ede53d-le64.cache-7
7f64c4003000-7f64c401a000 r--p 00000000 08:05 137474                     /usr/share/glib-2.0/schemas/gschemas.compiled
7f64c401a000-7f64c4021000 r--s 00000000 08:05 2888727                    /usr/lib/x86_64-linux-gnu/gconv/gconv-modules.cache
7f64c4021000-7f64c40e7000 rw-p 00000000 00:00 0 
7f64c40e7000-7f64c42ab000 ---p 00000000 00:00 0 
7f64c42ab000-7f64c42ca000 rw-p 00000000 00:00 0 
7f64c42ca000-7f64c448e000 ---p 00000000 00:00 0 
7f64c448e000-7f64c44ad000 rw-p 00000000 00:00 0 
7f64c44ad000-7f64c4671000 ---p 00000000 00:00 0 
7f64c4671000-7f64c4a75000 rw-p 00000000 00:00 0 
7f64c4a75000-7f64c4a76000 ---p 00000000 00:00 0 
7f64c4a76000-7f64c4b77000 rw-p 00000000 00:00 0 
7f64c4b77000-7f64c4b78000 ---p 00000000 00:00 0 
7f64c4b78000-7f64c4c79000 rw-p 00000000 00:00 0 
7f64c4c79000-7f64c4c7a000 ---p 00000000 00:00 0 
7f64c4c7a000-7f64c4d7b000 rw-p 00000000 00:00 0 
7f64c4d7b000-7f64c4d7c000 ---p 00000000 00:00 0 
7f64c4d7c000-7f64c4e82000 rw-p 00000000 00:00 0 
7f64c4e82000-7f64c4f68000 ---p 00000000 00:00 0 
7f64c4f68000-7f64c4f73000 rw-p 00000000 00:00 0 
7f64c4f73000-7f64c5053000 ---p 00000000 00:00 0 
7f64c5053000-7f64c5058000 r-xp 00000000 08:05 2780686                    /usr/lib/jvm/java-11-openjdk-amd64/lib/libjimage.so
7f64c5058000-7f64c5257000 ---p 00005000 08:05 2780686                    /usr/lib/jvm/java-11-openjdk-amd64/lib/libjimage.so
7f64c5257000-7f64c5258000 r--p 00004000 08:05 2780686                    /usr/lib/jvm/java-11-openjdk-amd64/lib/libjimage.so
7f64c5258000-7f64c5259000 rw-p 00005000 08:05 2780686                    /usr/lib/jvm/java-11-openjdk-amd64/lib/libjimage.so
7f64c5259000-7f64c5260000 r-xp 00000000 08:05 2780703                    /usr/lib/jvm/java-11-openjdk-amd64/lib/libzip.so
7f64c5260000-7f64c545f000 ---p 00007000 08:05 2780703                    /usr/lib/jvm/java-11-openjdk-amd64/lib/libzip.so
7f64c545f000-7f64c5460000 r--p 00006000 08:05 2780703                    /usr/lib/jvm/java-11-openjdk-amd64/lib/libzip.so
7f64c5460000-7f64c5461000 rw-p 00007000 08:05 2780703                    /usr/lib/jvm/java-11-openjdk-amd64/lib/libzip.so
7f64c5461000-7f64c546c000 r-xp 00000000 08:05 398838                     /lib/x86_64-linux-gnu/libnss_files-2.27.so
7f64c546c000-7f64c566b000 ---p 0000b000 08:05 398838                     /lib/x86_64-linux-gnu/libnss_files-2.27.so
7f64c566b000-7f64c566c000 r--p 0000a000 08:05 398838                     /lib/x86_64-linux-gnu/libnss_files-2.27.so
7f64c566c000-7f64c566d000 rw-p 0000b000 08:05 398838                     /lib/x86_64-linux-gnu/libnss_files-2.27.so
7f64c566d000-7f64c5673000 rw-p 00000000 00:00 0 
7f64c5673000-7f64c568a000 r-xp 00000000 08:05 398832                     /lib/x86_64-linux-gnu/libnsl-2.27.so
7f64c568a000-7f64c5889000 ---p 00017000 08:05 398832                     /lib/x86_64-linux-gnu/libnsl-2.27.so
7f64c5889000-7f64c588a000 r--p 00016000 08:05 398832                     /lib/x86_64-linux-gnu/libnsl-2.27.so
7f64c588a000-7f64c588b000 rw-p 00017000 08:05 398832                     /lib/x86_64-linux-gnu/libnsl-2.27.so
7f64c588b000-7f64c588d000 rw-p 00000000 00:00 0 
7f64c588d000-7f64c5898000 r-xp 00000000 08:05 398848                     /lib/x86_64-linux-gnu/libnss_nis-2.27.so
7f64c5898000-7f64c5a97000 ---p 0000b000 08:05 398848                     /lib/x86_64-linux-gnu/libnss_nis-2.27.so
7f64c5a97000-7f64c5a98000 r--p 0000a000 08:05 398848                     /lib/x86_64-linux-gnu/libnss_nis-2.27.so
7f64c5a98000-7f64c5a99000 rw-p 0000b000 08:05 398848                     /lib/x86_64-linux-gnu/libnss_nis-2.27.so
7f64c5a99000-7f64c5aa1000 r-xp 00000000 08:05 398834                     /lib/x86_64-linux-gnu/libnss_compat-2.27.so
7f64c5aa1000-7f64c5ca1000 ---p 00008000 08:05 398834                     /lib/x86_64-linux-gnu/libnss_compat-2.27.so
7f64c5ca1000-7f64c5ca2000 r--p 00008000 08:05 398834                     /lib/x86_64-linux-gnu/libnss_compat-2.27.so
7f64c5ca2000-7f64c5ca3000 rw-p 00009000 08:05 398834                     /lib/x86_64-linux-gnu/libnss_compat-2.27.so
7f64c5ca3000-7f64c5ccf000 r-xp 00000000 08:05 2780682                    /usr/lib/jvm/java-11-openjdk-amd64/lib/libjava.so
7f64c5ccf000-7f64c5ece000 ---p 0002c000 08:05 2780682                    /usr/lib/jvm/java-11-openjdk-amd64/lib/libjava.so
7f64c5ece000-7f64c5ecf000 r--p 0002b000 08:05 2780682                    /usr/lib/jvm/java-11-openjdk-amd64/lib/libjava.so
7f64c5ecf000-7f64c5ed1000 rw-p 0002c000 08:05 2780682                    /usr/lib/jvm/java-11-openjdk-amd64/lib/libjava.so
7f64c5ed1000-7f64c5ede000 r-xp 00000000 08:05 2780702                    /usr/lib/jvm/java-11-openjdk-amd64/lib/libverify.so
7f64c5ede000-7f64c60dd000 ---p 0000d000 08:05 2780702                    /usr/lib/jvm/java-11-openjdk-amd64/lib/libverify.so
7f64c60dd000-7f64c60df000 r--p 0000c000 08:05 2780702                    /usr/lib/jvm/java-11-openjdk-amd64/lib/libverify.so
7f64c60df000-7f64c60e0000 rw-p 0000e000 08:05 2780702                    /usr/lib/jvm/java-11-openjdk-amd64/lib/libverify.so
7f64c60e0000-7f64c60e7000 r-xp 00000000 08:05 398888                     /lib/x86_64-linux-gnu/librt-2.27.so
7f64c60e7000-7f64c62e6000 ---p 00007000 08:05 398888                     /lib/x86_64-linux-gnu/librt-2.27.so
7f64c62e6000-7f64c62e7000 r--p 00006000 08:05 398888                     /lib/x86_64-linux-gnu/librt-2.27.so
7f64c62e7000-7f64c62e8000 rw-p 00007000 08:05 398888                     /lib/x86_64-linux-gnu/librt-2.27.so
7f64c62e8000-7f64c62ff000 r-xp 00000000 08:05 403570                     /lib/x86_64-linux-gnu/libgcc_s.so.1
7f64c62ff000-7f64c64fe000 ---p 00017000 08:05 403570                     /lib/x86_64-linux-gnu/libgcc_s.so.1
7f64c64fe000-7f64c64ff000 r--p 00016000 08:05 403570                     /lib/x86_64-linux-gnu/libgcc_s.so.1
7f64c64ff000-7f64c6500000 rw-p 00017000 08:05 403570                     /lib/x86_64-linux-gnu/libgcc_s.so.1
7f64c6500000-7f64c669d000 r-xp 00000000 08:05 398811                     /lib/x86_64-linux-gnu/libm-2.27.so
7f64c669d000-7f64c689c000 ---p 0019d000 08:05 398811                     /lib/x86_64-linux-gnu/libm-2.27.so
7f64c689c000-7f64c689d000 r--p 0019c000 08:05 398811                     /lib/x86_64-linux-gnu/libm-2.27.so
7f64c689d000-7f64c689e000 rw-p 0019d000 08:05 398811                     /lib/x86_64-linux-gnu/libm-2.27.so
7f64c689e000-7f64c6a17000 r-xp 00000000 08:05 2752566                    /usr/lib/x86_64-linux-gnu/libstdc++.so.6.0.25
7f64c6a17000-7f64c6c17000 ---p 00179000 08:05 2752566                    /usr/lib/x86_64-linux-gnu/libstdc++.so.6.0.25
7f64c6c17000-7f64c6c21000 r--p 00179000 08:05 2752566                    /usr/lib/x86_64-linux-gnu/libstdc++.so.6.0.25
7f64c6c21000-7f64c6c23000 rw-p 00183000 08:05 2752566                    /usr/lib/x86_64-linux-gnu/libstdc++.so.6.0.25
7f64c6c23000-7f64c6c27000 rw-p 00000000 00:00 0 
7f64c6c27000-7f64c7bc4000 r-xp 00000000 08:05 2780709                    /usr/lib/jvm/java-11-openjdk-amd64/lib/server/libjvm.so
7f64c7bc4000-7f64c7dc4000 ---p 00f9d000 08:05 2780709                    /usr/lib/jvm/java-11-openjdk-amd64/lib/server/libjvm.so
7f64c7dc4000-7f64c7e88000 r--p 00f9d000 08:05 2780709                    /usr/lib/jvm/java-11-openjdk-amd64/lib/server/libjvm.so
7f64c7e88000-7f64c7ec0000 rw-p 01061000 08:05 2780709                    /usr/lib/jvm/java-11-openjdk-amd64/lib/server/libjvm.so
7f64c7ec0000-7f64c7f09000 rw-p 00000000 00:00 0 
7f64c7f09000-7f64c7f23000 r-xp 00000000 08:05 398880                     /lib/x86_64-linux-gnu/libpthread-2.27.so
7f64c7f23000-7f64c8122000 ---p 0001a000 08:05 398880                     /lib/x86_64-linux-gnu/libpthread-2.27.so
7f64c8122000-7f64c8123000 r--p 00019000 08:05 398880                     /lib/x86_64-linux-gnu/libpthread-2.27.so
7f64c8123000-7f64c8124000 rw-p 0001a000 08:05 398880                     /lib/x86_64-linux-gnu/libpthread-2.27.so
7f64c8124000-7f64c8128000 rw-p 00000000 00:00 0 
7f64c8128000-7f64c812b000 r-xp 00000000 08:05 398771                     /lib/x86_64-linux-gnu/libdl-2.27.so
7f64c812b000-7f64c832a000 ---p 00003000 08:05 398771                     /lib/x86_64-linux-gnu/libdl-2.27.so
7f64c832a000-7f64c832b000 r--p 00002000 08:05 398771                     /lib/x86_64-linux-gnu/libdl-2.27.so
7f64c832b000-7f64c832c000 rw-p 00003000 08:05 398771                     /lib/x86_64-linux-gnu/libdl-2.27.so
7f64c832c000-7f64c8348000 r-xp 00000000 08:05 398919                     /lib/x86_64-linux-gnu/libz.so.1.2.11
7f64c8348000-7f64c8547000 ---p 0001c000 08:05 398919                     /lib/x86_64-linux-gnu/libz.so.1.2.11
7f64c8547000-7f64c8548000 r--p 0001b000 08:05 398919                     /lib/x86_64-linux-gnu/libz.so.1.2.11
7f64c8548000-7f64c8549000 rw-p 0001c000 08:05 398919                     /lib/x86_64-linux-gnu/libz.so.1.2.11
7f64c8549000-7f64c8730000 r-xp 00000000 08:05 398748                     /lib/x86_64-linux-gnu/libc-2.27.so
7f64c8730000-7f64c8930000 ---p 001e7000 08:05 398748                     /lib/x86_64-linux-gnu/libc-2.27.so
7f64c8930000-7f64c8934000 r--p 001e7000 08:05 398748                     /lib/x86_64-linux-gnu/libc-2.27.so
7f64c8934000-7f64c8936000 rw-p 001eb000 08:05 398748                     /lib/x86_64-linux-gnu/libc-2.27.so
7f64c8936000-7f64c893a000 rw-p 00000000 00:00 0 
7f64c893a000-7f64c8949000 r-xp 00000000 08:05 2780667                    /usr/lib/jvm/java-11-openjdk-amd64/lib/jli/libjli.so
7f64c8949000-7f64c8b48000 ---p 0000f000 08:05 2780667                    /usr/lib/jvm/java-11-openjdk-amd64/lib/jli/libjli.so
7f64c8b48000-7f64c8b49000 r--p 0000e000 08:05 2780667                    /usr/lib/jvm/java-11-openjdk-amd64/lib/jli/libjli.so
7f64c8b49000-7f64c8b4a000 rw-p 0000f000 08:05 2780667                    /usr/lib/jvm/java-11-openjdk-amd64/lib/jli/libjli.so
7f64c8b4a000-7f64c8b71000 r-xp 00000000 08:05 398720                     /lib/x86_64-linux-gnu/ld-2.27.so
7f64c8b71000-7f64c8b73000 r--p 00000000 08:05 275033                     /home/dertas/.config/dconf/user
7f64c8b73000-7f64c8b74000 r--s 00000000 00:35 31                         /run/user/1000/snap.netbeans/dconf/user
7f64c8b74000-7f64c8c56000 rw-p 00000000 00:00 0 
7f64c8c56000-7f64c8c5a000 ---p 00000000 00:00 0 
7f64c8c5a000-7f64c8d5e000 rw-p 00000000 00:00 0 
7f64c8d5e000-7f64c8d65000 ---p 00000000 00:00 0 
7f64c8d65000-7f64c8d6d000 rw-s 00000000 08:05 2621477                    /tmp/hsperfdata_dertas/6064
7f64c8d6d000-7f64c8d6e000 ---p 00000000 00:00 0 
7f64c8d6e000-7f64c8d6f000 r--p 00000000 00:00 0 
7f64c8d6f000-7f64c8d71000 rw-p 00000000 00:00 0 
7f64c8d71000-7f64c8d72000 r--p 00027000 08:05 398720                     /lib/x86_64-linux-gnu/ld-2.27.so
7f64c8d72000-7f64c8d73000 rw-p 00028000 08:05 398720                     /lib/x86_64-linux-gnu/ld-2.27.so
7f64c8d73000-7f64c8d74000 rw-p 00000000 00:00 0 
7ffff4749000-7ffff476a000 rw-p 00000000 00:00 0                          [stack]
7ffff47e3000-7ffff47e6000 r--p 00000000 00:00 0                          [vvar]
7ffff47e6000-7ffff47e8000 r-xp 00000000 00:00 0                          [vdso]
ffffffffff600000-ffffffffff601000 r-xp 00000000 00:00 0                  [vsyscall]


VM Arguments:
jvm_args: -Dfile.encoding=UTF-8 --module-path=/home/dertas/NetBeansProjects/staySafe/build/classes 
java_command: staysafe.MainWindow
java_class_path (initial): /home/dertas/FreeLing/share/freeling/APIs/java/Jfreeling.jar:/home/dertas/NetBeansProjects/staySafe/build/classes
Launcher Type: SUN_STANDARD

Logging:
Log output configuration:
#0: stdout all=warning uptime,level,tags
#1: stderr all=off uptime,level,tags

Environment Variables:
PATH=/usr/local/sbin:/usr/local/bin:/usr/sbin:/usr/bin:/sbin:/bin:/usr/games:/usr/local/games:/snap/bin
SHELL=/bin/bash
DISPLAY=:0.0

Signal Handlers:
SIGSEGV: [libjvm.so+0xd28b70], sa_mask[0]=11111111011111111101111111111110, sa_flags=SA_RESTART|SA_SIGINFO
SIGBUS: [libjvm.so+0xd28b70], sa_mask[0]=11111111011111111101111111111110, sa_flags=SA_RESTART|SA_SIGINFO
SIGFPE: [libjvm.so+0xd28b70], sa_mask[0]=11111111011111111101111111111110, sa_flags=SA_RESTART|SA_SIGINFO
SIGPIPE: SIG_IGN, sa_mask[0]=00000000000010000000000000000000, sa_flags=SA_RESTART
SIGXFSZ: [libjvm.so+0xb2a1f0], sa_mask[0]=11111111011111111101111111111110, sa_flags=SA_RESTART|SA_SIGINFO
SIGILL: [libjvm.so+0xd28b70], sa_mask[0]=11111111011111111101111111111110, sa_flags=SA_RESTART|SA_SIGINFO
SIGUSR2: [libjvm.so+0xb2a030], sa_mask[0]=00100000000000000000000000000000, sa_flags=SA_RESTART|SA_SIGINFO
SIGHUP: [libjvm.so+0xb2a180], sa_mask[0]=11111111011111111101111111111110, sa_flags=SA_RESTART|SA_SIGINFO
SIGINT: SIG_IGN, sa_mask[0]=00000000000000000000000000000000, sa_flags=none
SIGTERM: [libjvm.so+0xb2a180], sa_mask[0]=11111111011111111101111111111110, sa_flags=SA_RESTART|SA_SIGINFO
SIGQUIT: [libjvm.so+0xb2a180], sa_mask[0]=11111111011111111101111111111110, sa_flags=SA_RESTART|SA_SIGINFO


---------------  S Y S T E M  ---------------

OS:DISTRIB_ID=Ubuntu
DISTRIB_RELEASE=18.04
DISTRIB_CODENAME=bionic
DISTRIB_DESCRIPTION="Ubuntu 18.04 LTS"
uname:Linux 4.15.0-45-generic #48-Ubuntu SMP Tue Jan 29 16:28:13 UTC 2019 x86_64
libc:glibc 2.27 NPTL 2.27 
rlimit: STACK 8192k, CORE 0k, NPROC 15032, NOFILE 1048576, AS infinity, DATA infinity, FSIZE infinity
load average:0.54 0.50 0.46

/proc/meminfo:
MemTotal:        3953060 kB
MemFree:          337064 kB
MemAvailable:    1697604 kB
Buffers:          224528 kB
Cached:          1424464 kB
SwapCached:            0 kB
Active:          2461372 kB
Inactive:         923272 kB
Active(anon):    1737044 kB
Inactive(anon):   120520 kB
Active(file):     724328 kB
Inactive(file):   802752 kB
Unevictable:          32 kB
Mlocked:              32 kB
SwapTotal:       7490556 kB
SwapFree:        7490556 kB
Dirty:                44 kB
Writeback:             0 kB
AnonPages:       1735784 kB
Mapped:           389036 kB
Shmem:            121912 kB
Slab:             121964 kB
SReclaimable:      80284 kB
SUnreclaim:        41680 kB
KernelStack:        8464 kB
PageTables:        36128 kB
NFS_Unstable:          0 kB
Bounce:                0 kB
WritebackTmp:          0 kB
CommitLimit:     9467084 kB
Committed_AS:    4457916 kB
VmallocTotal:   34359738367 kB
VmallocUsed:           0 kB
VmallocChunk:          0 kB
HardwareCorrupted:     0 kB
AnonHugePages:         0 kB
ShmemHugePages:        0 kB
ShmemPmdMapped:        0 kB
CmaTotal:              0 kB
CmaFree:               0 kB
HugePages_Total:       0
HugePages_Free:        0
HugePages_Rsvd:        0
HugePages_Surp:        0
Hugepagesize:       2048 kB
DirectMap4k:      177660 kB
DirectMap2M:     3930112 kB
DirectMap1G:     1048576 kB

container (cgroup) information:
container_type: cgroupv1
cpu_cpuset_cpus: 0-3
cpu_memory_nodes: 0
active_processor_count: 4
cpu_quota: -1
cpu_period: 100000
cpu_shares: -1
memory_limit_in_bytes: -1
memory_and_swap_limit_in_bytes: -2
memory_soft_limit_in_bytes: -1
memory_usage_in_bytes: 3466096640
memory_max_usage_in_bytes: 0


CPU:total 4 (initial active 4) (2 cores per cpu, 2 threads per core) family 6 model 61 stepping 4, cmov, cx8, fxsr, mmx, sse, sse2, sse3, ssse3, sse4.1, sse4.2, popcnt, avx, avx2, aes, clmul, erms, 3dnowpref, lzcnt, ht, tsc, tscinvbit, bmi1, bmi2, adx, fma
CPU Model and flags from /proc/cpuinfo:
model name	: Intel(R) Core(TM) i3-5005U CPU @ 2.00GHz
flags		: fpu vme de pse tsc msr pae mce cx8 apic sep mtrr pge mca cmov pat pse36 clflush dts acpi mmx fxsr sse sse2 ss ht tm pbe syscall nx pdpe1gb rdtscp lm constant_tsc arch_perfmon pebs bts rep_good nopl xtopology nonstop_tsc cpuid aperfmperf pni pclmulqdq dtes64 monitor ds_cpl vmx est tm2 ssse3 sdbg fma cx16 xtpr pdcm pcid sse4_1 sse4_2 x2apic movbe popcnt tsc_deadline_timer aes xsave avx f16c rdrand lahf_lm abm 3dnowprefetch cpuid_fault epb invpcid_single pti ssbd ibrs ibpb stibp tpr_shadow vnmi flexpriority ept vpid fsgsbase tsc_adjust bmi1 avx2 smep bmi2 erms invpcid rdseed adx smap intel_pt xsaveopt dtherm arat pln pts flush_l1d

Memory: 4k page, physical 3953060k(337064k free), swap 7490556k(7490556k free)

vm_info: OpenJDK 64-Bit Server VM (10.0.2+13-Ubuntu-1ubuntu0.18.04.4) for linux-amd64 JRE (10.0.2+13-Ubuntu-1ubuntu0.18.04.4), built on Nov 13 2018 12:53:39 by "buildd" with gcc 7.3.0

END.
